#
# There is insufficient memory for the Java Runtime Environment to continue.
# Native memory allocation (malloc) failed to allocate 688592 bytes for Chunk::new
# Possible reasons:
#   The system is out of physical RAM or swap space
#   The process is running with CompressedOops enabled, and the Java Heap may be blocking the growth of the native heap
# Possible solutions:
#   Reduce memory load on the system
#   Increase physical memory or swap space
#   Check if swap backing store is full
#   Decrease Java heap size (-Xmx/-Xms)
#   Decrease number of Java threads
#   Decrease Java thread stack sizes (-Xss)
#   Set larger code cache with -XX:ReservedCodeCacheSize=
#   JVM is running with Unscaled Compressed Oops mode in which the Java heap is
#     placed in the first 4GB address space. The Java Heap base address is the
#     maximum limit for the native heap growth. Please use -XX:HeapBaseMinAddress
#     to set the Java Heap base and to place the Java Heap above 4GB virtual address.
# This output file may be truncated or incomplete.
#
#  Out of Memory Error (allocation.cpp:389), pid=15276, tid=0x00000000000042f8
#
# JRE version: OpenJDK Runtime Environment (8.0_242-b01) (build 1.8.0_242-release-1644-b01)
# Java VM: OpenJDK 64-Bit Server VM (25.242-b01 mixed mode windows-amd64 compressed oops)
# Failed to write core dump. Minidumps are not enabled by default on client versions of Windows
#

---------------  T H R E A D  ---------------

Current thread (0x0000000018372000):  JavaThread "C2 CompilerThread0" daemon [_thread_in_native, id=17144, stack(0x0000000018c40000,0x0000000018d40000)]

Stack: [0x0000000018c40000,0x0000000018d40000]
[error occurred during error reporting (printing stack bounds), id 0xc0000005]

Native frames: (J=compiled Java code, j=interpreted, Vv=VM code, C=native code)


Current CompileTask:
C2:  66235 16372       4       com.sun.tools.javac.comp.Attr::check (219 bytes)


---------------  P R O C E S S  ---------------

Java Threads: ( => current thread )
  0x000000001fd8b800 JavaThread "WorkerExecutor Queue Thread 13" [_thread_blocked, id=9236, stack(0x000000002adf0000,0x000000002aef0000)]
  0x000000001fd89000 JavaThread "WorkerExecutor Queue Thread 12" [_thread_blocked, id=18328, stack(0x000000002aaf0000,0x000000002abf0000)]
  0x000000001fd8a800 JavaThread "WorkerExecutor Queue Thread 11" [_thread_blocked, id=23132, stack(0x000000002a9f0000,0x000000002aaf0000)]
  0x000000001fd87800 JavaThread "ForkJoinPool.commonPool-worker-4" daemon [_thread_blocked, id=17920, stack(0x000000002a3f0000,0x000000002a4f0000)]
  0x000000001fd81800 JavaThread "ForkJoinPool.commonPool-worker-3" daemon [_thread_blocked, id=13976, stack(0x000000002a2f0000,0x000000002a3f0000)]
  0x000000001fd86000 JavaThread "ForkJoinPool.commonPool-worker-2" daemon [_thread_blocked, id=24380, stack(0x000000002a1f0000,0x000000002a2f0000)]
  0x000000001fd7e000 JavaThread "WorkerExecutor Queue Thread 10" [_thread_blocked, id=16076, stack(0x00000000281f0000,0x00000000282f0000)]
  0x000000001fd84800 JavaThread "RMI TCP Connection(idle)" daemon [_thread_blocked, id=24668, stack(0x0000000029bf0000,0x0000000029cf0000)]
  0x000000001fd80000 JavaThread "RMI Reaper" [_thread_blocked, id=4164, stack(0x00000000284f0000,0x00000000285f0000)]
  0x000000001fd84000 JavaThread "RMI TCP Accept-0" daemon [_thread_in_native, id=23968, stack(0x00000000283f0000,0x00000000284f0000)]
  0x000000001fd83000 JavaThread "GC Daemon" daemon [_thread_blocked, id=13036, stack(0x00000000282f0000,0x00000000283f0000)]
  0x000000001fd7f800 JavaThread "RMI Scheduler(0)" daemon [_thread_blocked, id=20752, stack(0x00000000280f0000,0x00000000281f0000)]
  0x000000001fd7e800 JavaThread "stdout" [_thread_in_native, id=7020, stack(0x00000000296f0000,0x00000000297f0000)]
  0x000000001d36b000 JavaThread "stderr" [_thread_in_native, id=11720, stack(0x00000000295f0000,0x00000000296f0000)]
  0x000000001d36d000 JavaThread "stdout" [_thread_in_native, id=14856, stack(0x00000000294f0000,0x00000000295f0000)]
  0x000000001d36a000 JavaThread "stderr" [_thread_in_native, id=23452, stack(0x00000000293f0000,0x00000000294f0000)]
  0x000000001d369800 JavaThread "stdout" [_thread_in_native, id=3756, stack(0x00000000292f0000,0x00000000293f0000)]
  0x000000001d368800 JavaThread "stderr" [_thread_in_native, id=9952, stack(0x00000000291f0000,0x00000000292f0000)]
  0x000000001d36c800 JavaThread "stdout" [_thread_in_native, id=16912, stack(0x00000000290f0000,0x00000000291f0000)]
  0x000000001d36b800 JavaThread "stderr" [_thread_in_native, id=8608, stack(0x0000000028ff0000,0x00000000290f0000)]
  0x000000001d361000 JavaThread "stdout" [_thread_in_native, id=10352, stack(0x0000000028ef0000,0x0000000028ff0000)]
  0x000000001d368000 JavaThread "stderr" [_thread_in_native, id=17684, stack(0x0000000028df0000,0x0000000028ef0000)]
  0x000000001d360800 JavaThread "stdout" [_thread_in_native, id=3144, stack(0x0000000028cf0000,0x0000000028df0000)]
  0x000000001d367000 JavaThread "stderr" [_thread_in_native, id=8664, stack(0x0000000028bf0000,0x0000000028cf0000)]
  0x000000001d366800 JavaThread "stdout" [_thread_in_native, id=20112, stack(0x0000000028af0000,0x0000000028bf0000)]
  0x000000001d35f000 JavaThread "stderr" [_thread_in_native, id=8340, stack(0x00000000289f0000,0x0000000028af0000)]
  0x000000001d362000 JavaThread "stdout" [_thread_in_native, id=16516, stack(0x00000000288f0000,0x00000000289f0000)]
  0x000000001d365800 JavaThread "stderr" [_thread_in_native, id=14216, stack(0x00000000287f0000,0x00000000288f0000)]
  0x000000001d35e000 JavaThread "pool-2-thread-1" [_thread_blocked, id=13648, stack(0x00000000286f0000,0x00000000287f0000)]
  0x000000001d362800 JavaThread "WorkerExecutor Queue Thread 8" [_thread_blocked, id=22060, stack(0x00000000285f0000,0x00000000286f0000)]
  0x0000000022a77000 JavaThread "Cache worker for execution history cache (C:\Workspace\ChatApplication\.gradle\6.1.1\executionHistory)" [_thread_blocked, id=21316, stack(0x00000000279f0000,0x0000000027af0000)]
  0x0000000022a6e000 JavaThread "Execution worker for ':' Thread 7" [_thread_blocked, id=18156, stack(0x0000000026470000,0x0000000026570000)]
  0x0000000022a73000 JavaThread "Execution worker for ':' Thread 6" [_thread_blocked, id=23764, stack(0x0000000026370000,0x0000000026470000)]
  0x0000000022a74800 JavaThread "Execution worker for ':' Thread 5" [_thread_in_native, id=10892, stack(0x0000000026270000,0x0000000026370000)]
  0x0000000022a71800 JavaThread "Execution worker for ':' Thread 4" [_thread_blocked, id=24024, stack(0x0000000026170000,0x0000000026270000)]
  0x0000000022a6d000 JavaThread "Execution worker for ':' Thread 3" [_thread_blocked, id=16364, stack(0x0000000026070000,0x0000000026170000)]
  0x0000000022a72800 JavaThread "Execution worker for ':' Thread 2" [_thread_blocked, id=14324, stack(0x0000000025f70000,0x0000000026070000)]
  0x0000000022a74000 JavaThread "Execution worker for ':'" [_thread_blocked, id=7288, stack(0x0000000025e70000,0x0000000025f70000)]
  0x000000001a52f000 JavaThread "Cache worker for file content cache (C:\Workspace\ChatApplication\.gradle\6.1.1\fileContent)" [_thread_blocked, id=7620, stack(0x0000000025b70000,0x0000000025c70000)]
  0x000000001a52d800 JavaThread "Cache worker for file content cache (C:\Users\NiteshGupta\.gradle\caches\6.1.1\fileContent)" [_thread_blocked, id=5792, stack(0x0000000025970000,0x0000000025a70000)]
  0x000000001a52b000 JavaThread "Memory manager" [_thread_blocked, id=17280, stack(0x0000000024c50000,0x0000000024d50000)]
  0x000000001a523800 JavaThread "Cache worker for Build Output Cleanup Cache (C:\Workspace\ChatApplication\.gradle\buildOutputCleanup)" [_thread_blocked, id=2448, stack(0x00000000246c0000,0x00000000247c0000)]
  0x000000001a52a800 JavaThread "pool-1-thread-1" [_thread_blocked, id=3532, stack(0x00000000218f0000,0x00000000219f0000)]
  0x000000001a529800 JavaThread "Build operations Thread 8" [_thread_blocked, id=20576, stack(0x00000000245c0000,0x00000000246c0000)]
  0x000000001a526800 JavaThread "Build operations Thread 7" [_thread_blocked, id=13868, stack(0x00000000244c0000,0x00000000245c0000)]
  0x000000001a522000 JavaThread "Build operations Thread 6" [_thread_blocked, id=18604, stack(0x00000000243c0000,0x00000000244c0000)]
  0x000000001a529000 JavaThread "Build operations Thread 5" [_thread_blocked, id=18692, stack(0x00000000242c0000,0x00000000243c0000)]
  0x000000001a521800 JavaThread "Build operations Thread 4" [_thread_blocked, id=18608, stack(0x00000000241c0000,0x00000000242c0000)]
  0x000000001a524800 JavaThread "Build operations Thread 3" [_thread_blocked, id=19760, stack(0x00000000240c0000,0x00000000241c0000)]
  0x000000001a528000 JavaThread "Build operations Thread 2" [_thread_blocked, id=18612, stack(0x0000000023fc0000,0x00000000240c0000)]
  0x000000001a527800 JavaThread "Build operations" [_thread_blocked, id=21556, stack(0x0000000022c20000,0x0000000022d20000)]
  0x000000001b2e5800 JavaThread "Cache worker for execution history cache (C:\Users\NiteshGupta\.gradle\caches\6.1.1\executionHistory)" [_thread_blocked, id=10416, stack(0x0000000020960000,0x0000000020a60000)]
  0x000000001b2ea000 JavaThread "Cache worker for cache directory md-rule (C:\Users\NiteshGupta\.gradle\caches\6.1.1\md-rule)" [_thread_blocked, id=13992, stack(0x0000000020860000,0x0000000020960000)]
  0x000000001b2eb800 JavaThread "Cache worker for cache directory md-supplier (C:\Users\NiteshGupta\.gradle\caches\6.1.1\md-supplier)" [_thread_blocked, id=14916, stack(0x0000000020760000,0x0000000020860000)]
  0x000000001b2e5000 JavaThread "Cache worker for file hash cache (C:\Workspace\ChatApplication\.gradle\6.1.1\fileHashes)" [_thread_blocked, id=22084, stack(0x0000000020bf0000,0x0000000020cf0000)]
  0x000000001b2e9800 JavaThread "Cache worker for checksums cache (C:\Workspace\ChatApplication\.gradle\checksums)" [_thread_blocked, id=1548, stack(0x0000000020af0000,0x0000000020bf0000)]
  0x000000001b2e8800 JavaThread "Cache worker for file hash cache (C:\Users\NiteshGupta\.gradle\caches\6.1.1\fileHashes)" [_thread_blocked, id=18984, stack(0x000000001d080000,0x000000001d180000)]
  0x000000001b2eb000 JavaThread "File lock request listener" [_thread_in_native, id=6876, stack(0x000000001cf80000,0x000000001d080000)]
  0x000000001b265000 JavaThread "Cache worker for journal cache (C:\Users\NiteshGupta\.gradle\caches\journal-1)" [_thread_blocked, id=23852, stack(0x000000001ce80000,0x000000001cf80000)]
  0x000000001a0a7000 JavaThread "Thread-9" [_thread_blocked, id=19284, stack(0x000000001cb80000,0x000000001cc80000)]
  0x000000001b142000 JavaThread "Asynchronous log dispatcher for DefaultDaemonConnection: socket connection from /127.0.0.1:65445 to /127.0.0.1:65446" [_thread_blocked, id=19764, stack(0x000000001c980000,0x000000001ca80000)]
  0x000000001b148000 JavaThread "Daemon worker" [_thread_blocked, id=21820, stack(0x000000001c880000,0x000000001c980000)]
  0x000000001b143000 JavaThread "Cancel handler" [_thread_blocked, id=5212, stack(0x000000001c780000,0x000000001c880000)]
  0x000000001b1a5800 JavaThread "Handler for socket connection from /127.0.0.1:65445 to /127.0.0.1:65446" [_thread_in_native, id=13980, stack(0x000000001c480000,0x000000001c580000)]
  0x000000001b11b800 JavaThread "Daemon" [_thread_blocked, id=18488, stack(0x000000001c380000,0x000000001c480000)]
  0x000000001b190800 JavaThread "Daemon periodic checks" [_thread_blocked, id=22600, stack(0x000000001c280000,0x000000001c380000)]
  0x000000001b10b000 JavaThread "Incoming local TCP Connector on port 65445" [_thread_in_native, id=15460, stack(0x000000001c040000,0x000000001c140000)]
  0x000000001b0e0800 JavaThread "Daemon health stats" [_thread_blocked, id=2432, stack(0x000000001aa10000,0x000000001ab10000)]
  0x00000000183df000 JavaThread "Service Thread" daemon [_thread_blocked, id=19492, stack(0x0000000019040000,0x0000000019140000)]
  0x00000000183d1000 JavaThread "C1 CompilerThread3" daemon [_thread_blocked, id=14780, stack(0x0000000018f40000,0x0000000019040000)]
  0x00000000183cc800 JavaThread "C2 CompilerThread2" daemon [_thread_in_native, id=16848, stack(0x0000000018e40000,0x0000000018f40000)]
  0x000000001837c000 JavaThread "C2 CompilerThread1" daemon [_thread_in_native, id=6672, stack(0x0000000018d40000,0x0000000018e40000)]
=>0x0000000018372000 JavaThread "C2 CompilerThread0" daemon [_thread_in_native, id=17144, stack(0x0000000018c40000,0x0000000018d40000)]
  0x0000000018371000 JavaThread "Attach Listener" daemon [_thread_blocked, id=9808, stack(0x0000000018b40000,0x0000000018c40000)]
  0x0000000018370000 JavaThread "Signal Dispatcher" daemon [_thread_blocked, id=7892, stack(0x0000000018a40000,0x0000000018b40000)]
  0x0000000018360800 JavaThread "Finalizer" daemon [_thread_blocked, id=24312, stack(0x0000000018840000,0x0000000018940000)]
  0x000000001655c800 JavaThread "Reference Handler" daemon [_thread_blocked, id=15624, stack(0x0000000018740000,0x0000000018840000)]
  0x00000000024ce800 JavaThread "main" [_thread_blocked, id=23984, stack(0x00000000025a0000,0x00000000026a0000)]

Other Threads:
  0x0000000016556000 VMThread [stack: 0x0000000018240000,0x0000000018340000] [id=18136]
  0x00000000183e0000 WatcherThread [stack: 0x0000000019140000,0x0000000019240000] [id=24120]

VM state:not at safepoint (normal execution)

VM Mutex/Monitor currently owned by a thread:  ([mutex/lock_event])
[0x00000000024cc6f0] CodeCache_lock - owner thread: 0x000000001837c000

OutOfMemory and StackOverflow Exception counts:
OutOfMemoryError java_heap_errors=1

heap address: 0x00000000a0000000, size: 1536 MB, Compressed Oops mode: 32-bit
Narrow klass base: 0x0000000000000000, Narrow klass shift: 3
Compressed class space size: 1073741824 Address: 0x0000000100000000

Heap:
 PSYoungGen      total 345600K, used 264182K [0x00000000e0000000, 0x00000000faa00000, 0x0000000100000000)
  eden space 313344K, 84% used [0x00000000e0000000,0x00000000f01fd970,0x00000000f3200000)
  from space 32256K, 0% used [0x00000000f6300000,0x00000000f6300000,0x00000000f8280000)
  to   space 50176K, 0% used [0x00000000f3200000,0x00000000f3200000,0x00000000f6300000)
 ParOldGen       total 111616K, used 111504K [0x00000000a0000000, 0x00000000a6d00000, 0x00000000e0000000)
  object space 111616K, 99% used [0x00000000a0000000,0x00000000a6ce4000,0x00000000a6d00000)
 Metaspace       used 96219K, capacity 99952K, committed 101016K, reserved 1136640K
  class space    used 12547K, capacity 13282K, committed 13488K, reserved 1048576K

Card table byte_map: [0x0000000011b60000,0x0000000011e70000] byte_map_base: 0x0000000011660000

Marking Bits: (ParMarkBitMap*) 0x00000000772bf030
 Begin Bits: [0x0000000012870000, 0x0000000014070000)
 End Bits:   [0x0000000014070000, 0x0000000015870000)

Polling page: 0x0000000002430000

CodeCache: size=245760Kb used=44197Kb max_used=44197Kb free=201562Kb
 bounds [0x00000000027a0000, 0x0000000005300000, 0x00000000117a0000]
 total_blobs=13957 nmethods=13062 adapters=806
 compilation: enabled

Compilation events (10 events):
Event: 66.070 Thread 0x00000000183d1000 16400       3       com.sun.tools.javac.comp.Annotate$AnnotateRepeatedContext::<init> (60 bytes)
Event: 66.071 Thread 0x00000000183d1000 nmethod 16400 0x00000000052f5450 code [0x00000000052f5660, 0x00000000052f5f78]
Event: 66.071 Thread 0x00000000183d1000 16401       3       com.sun.tools.javac.code.SymbolMetadata::setDeclarationAttributesWithCompletion (43 bytes)
Event: 66.072 Thread 0x00000000183d1000 nmethod 16401 0x00000000052f7210 code [0x00000000052f73e0, 0x00000000052f79c8]
Event: 66.091 Thread 0x00000000183d1000 16417       3       java.io.ObjectStreamClass$MemberSignature::<init> (29 bytes)
Event: 66.091 Thread 0x00000000183d1000 nmethod 16417 0x00000000052f4dd0 code [0x00000000052f4f40, 0x00000000052f5308]
Event: 66.091 Thread 0x00000000183d1000 16418       3       java.io.ObjectStreamClass::access$2600 (5 bytes)
Event: 66.092 Thread 0x00000000183d1000 nmethod 16418 0x0000000003d77150 code [0x0000000003d772c0, 0x0000000003d77428]
Event: 66.092 Thread 0x00000000183d1000 16419   !   3       sun.nio.cs.StreamEncoder::flush (26 bytes)
Event: 66.093 Thread 0x00000000183d1000 nmethod 16419 0x00000000052f40d0 code [0x00000000052f42a0, 0x00000000052f49e8]

GC Heap History (10 events):
Event: 16.946 GC heap before
{Heap before GC invocations=17 (full 3):
 PSYoungGen      total 240128K, used 239833K [0x00000000e0000000, 0x00000000f4080000, 0x0000000100000000)
  eden space 218624K, 100% used [0x00000000e0000000,0x00000000ed580000,0x00000000ed580000)
  from space 21504K, 98% used [0x00000000ed580000,0x00000000eea367a0,0x00000000eea80000)
  to   space 25088K, 0% used [0x00000000f2800000,0x00000000f2800000,0x00000000f4080000)
 ParOldGen       total 111616K, used 38395K [0x00000000a0000000, 0x00000000a6d00000, 0x00000000e0000000)
  object space 111616K, 34% used [0x00000000a0000000,0x00000000a257eeb0,0x00000000a6d00000)
 Metaspace       used 67873K, capacity 71530K, committed 71704K, reserved 1112064K
  class space    used 9238K, capacity 9989K, committed 10032K, reserved 1048576K
Event: 16.968 GC heap after
Heap after GC invocations=17 (full 3):
 PSYoungGen      total 295936K, used 25070K [0x00000000e0000000, 0x00000000f4900000, 0x0000000100000000)
  eden space 270848K, 0% used [0x00000000e0000000,0x00000000e0000000,0x00000000f0880000)
  from space 25088K, 99% used [0x00000000f2800000,0x00000000f407bb10,0x00000000f4080000)
  to   space 32256K, 0% used [0x00000000f0880000,0x00000000f0880000,0x00000000f2800000)
 ParOldGen       total 111616K, used 48000K [0x00000000a0000000, 0x00000000a6d00000, 0x00000000e0000000)
  object space 111616K, 43% used [0x00000000a0000000,0x00000000a2ee0088,0x00000000a6d00000)
 Metaspace       used 67873K, capacity 71530K, committed 71704K, reserved 1112064K
  class space    used 9238K, capacity 9989K, committed 10032K, reserved 1048576K
}
Event: 34.198 GC heap before
{Heap before GC invocations=18 (full 3):
 PSYoungGen      total 295936K, used 295918K [0x00000000e0000000, 0x00000000f4900000, 0x0000000100000000)
  eden space 270848K, 100% used [0x00000000e0000000,0x00000000f0880000,0x00000000f0880000)
  from space 25088K, 99% used [0x00000000f2800000,0x00000000f407bb10,0x00000000f4080000)
  to   space 32256K, 0% used [0x00000000f0880000,0x00000000f0880000,0x00000000f2800000)
 ParOldGen       total 111616K, used 48000K [0x00000000a0000000, 0x00000000a6d00000, 0x00000000e0000000)
  object space 111616K, 43% used [0x00000000a0000000,0x00000000a2ee0088,0x00000000a6d00000)
 Metaspace       used 76423K, capacity 80276K, committed 80408K, reserved 1118208K
  class space    used 10289K, capacity 11047K, committed 11056K, reserved 1048576K
Event: 34.339 GC heap after
Heap after GC invocations=18 (full 3):
 PSYoungGen      total 303104K, used 16939K [0x00000000e0000000, 0x00000000f8280000, 0x0000000100000000)
  eden space 270848K, 0% used [0x00000000e0000000,0x00000000e0000000,0x00000000f0880000)
  from space 32256K, 52% used [0x00000000f0880000,0x00000000f190afc0,0x00000000f2800000)
  to   space 32256K, 0% used [0x00000000f6300000,0x00000000f6300000,0x00000000f8280000)
 ParOldGen       total 111616K, used 71945K [0x00000000a0000000, 0x00000000a6d00000, 0x00000000e0000000)
  object space 111616K, 64% used [0x00000000a0000000,0x00000000a46426c8,0x00000000a6d00000)
 Metaspace       used 76423K, capacity 80276K, committed 80408K, reserved 1118208K
  class space    used 10289K, capacity 11047K, committed 11056K, reserved 1048576K
}
Event: 38.263 GC heap before
{Heap before GC invocations=19 (full 3):
 PSYoungGen      total 303104K, used 287787K [0x00000000e0000000, 0x00000000f8280000, 0x0000000100000000)
  eden space 270848K, 100% used [0x00000000e0000000,0x00000000f0880000,0x00000000f0880000)
  from space 32256K, 52% used [0x00000000f0880000,0x00000000f190afc0,0x00000000f2800000)
  to   space 32256K, 0% used [0x00000000f6300000,0x00000000f6300000,0x00000000f8280000)
 ParOldGen       total 111616K, used 71945K [0x00000000a0000000, 0x00000000a6d00000, 0x00000000e0000000)
  object space 111616K, 64% used [0x00000000a0000000,0x00000000a46426c8,0x00000000a6d00000)
 Metaspace       used 85400K, capacity 89756K, committed 89880K, reserved 1126400K
  class space    used 11369K, capacity 12258K, committed 12336K, reserved 1048576K
Event: 38.361 GC heap after
Heap after GC invocations=19 (full 3):
 PSYoungGen      total 345600K, used 32253K [0x00000000e0000000, 0x00000000faa00000, 0x0000000100000000)
  eden space 313344K, 0% used [0x00000000e0000000,0x00000000e0000000,0x00000000f3200000)
  from space 32256K, 99% used [0x00000000f6300000,0x00000000f827f608,0x00000000f8280000)
  to   space 50176K, 0% used [0x00000000f3200000,0x00000000f3200000,0x00000000f6300000)
 ParOldGen       total 111616K, used 107351K [0x00000000a0000000, 0x00000000a6d00000, 0x00000000e0000000)
  object space 111616K, 96% used [0x00000000a0000000,0x00000000a68d5c18,0x00000000a6d00000)
 Metaspace       used 85400K, capacity 89756K, committed 89880K, reserved 1126400K
  class space    used 11369K, capacity 12258K, committed 12336K, reserved 1048576K
}
Event: 38.361 GC heap before
{Heap before GC invocations=20 (full 4):
 PSYoungGen      total 345600K, used 32253K [0x00000000e0000000, 0x00000000faa00000, 0x0000000100000000)
  eden space 313344K, 0% used [0x00000000e0000000,0x00000000e0000000,0x00000000f3200000)
  from space 32256K, 99% used [0x00000000f6300000,0x00000000f827f608,0x00000000f8280000)
  to   space 50176K, 0% used [0x00000000f3200000,0x00000000f3200000,0x00000000f6300000)
 ParOldGen       total 111616K, used 107351K [0x00000000a0000000, 0x00000000a6d00000, 0x00000000e0000000)
  object space 111616K, 96% used [0x00000000a0000000,0x00000000a68d5c18,0x00000000a6d00000)
 Metaspace       used 85400K, capacity 89756K, committed 89880K, reserved 1126400K
  class space    used 11369K, capacity 12258K, committed 12336K, reserved 1048576K
Event: 43.955 GC heap after
Heap after GC invocations=20 (full 4):
 PSYoungGen      total 345600K, used 3033K [0x00000000e0000000, 0x00000000faa00000, 0x0000000100000000)
  eden space 313344K, 0% used [0x00000000e0000000,0x00000000e0000000,0x00000000f3200000)
  from space 32256K, 9% used [0x00000000f6300000,0x00000000f65f6578,0x00000000f8280000)
  to   space 50176K, 0% used [0x00000000f3200000,0x00000000f3200000,0x00000000f6300000)
 ParOldGen       total 111616K, used 111044K [0x00000000a0000000, 0x00000000a6d00000, 0x00000000e0000000)
  object space 111616K, 99% used [0x00000000a0000000,0x00000000a6c71300,0x00000000a6d00000)
 Metaspace       used 84842K, capacity 88178K, committed 89880K, reserved 1126400K
  class space    used 11187K, capacity 11935K, committed 12336K, reserved 1048576K
}
Event: 59.474 GC heap before
{Heap before GC invocations=21 (full 5):
 PSYoungGen      total 345600K, used 316377K [0x00000000e0000000, 0x00000000faa00000, 0x0000000100000000)
  eden space 313344K, 100% used [0x00000000e0000000,0x00000000f3200000,0x00000000f3200000)
  from space 32256K, 9% used [0x00000000f6300000,0x00000000f65f6578,0x00000000f8280000)
  to   space 50176K, 0% used [0x00000000f3200000,0x00000000f3200000,0x00000000f6300000)
 ParOldGen       total 111616K, used 111044K [0x00000000a0000000, 0x00000000a6d00000, 0x00000000e0000000)
  object space 111616K, 99% used [0x00000000a0000000,0x00000000a6c71300,0x00000000a6d00000)
 Metaspace       used 93182K, capacity 96898K, committed 97944K, reserved 1134592K
  class space    used 12208K, capacity 12993K, committed 13232K, reserved 1048576K
Event: 61.359 GC heap after
Heap after GC invocations=21 (full 5):
 PSYoungGen      total 345600K, used 63596K [0x00000000e0000000, 0x00000000faa00000, 0x0000000100000000)
  eden space 313344K, 20% used [0x00000000e0000000,0x00000000e3e1b380,0x00000000f3200000)
  from space 32256K, 0% used [0x00000000f6300000,0x00000000f6300000,0x00000000f8280000)
  to   space 50176K, 0% used [0x00000000f3200000,0x00000000f3200000,0x00000000f6300000)
 ParOldGen       total 111616K, used 111504K [0x00000000a0000000, 0x00000000a6d00000, 0x00000000e0000000)
  object space 111616K, 99% used [0x00000000a0000000,0x00000000a6ce4000,0x00000000a6d00000)
 Metaspace       used 93130K, capacity 96764K, committed 97944K, reserved 1134592K
  class space    used 12189K, capacity 12958K, committed 13232K, reserved 1048576K
}

Deoptimization events (10 events):
Event: 65.353 Thread 0x000000001d362800 Uncommon trap: reason=class_check action=maybe_recompile pc=0x0000000003a65108 method=java.util.regex.Matcher.search(I)Z @ 86
Event: 65.357 Thread 0x000000001d362800 Uncommon trap: reason=unstable_if action=reinterpret pc=0x00000000029ae050 method=sun.nio.cs.UTF_8$Encoder.encode([CII[B)I @ 33
Event: 65.422 Thread 0x000000001d362800 Uncommon trap: reason=bimorphic action=maybe_recompile pc=0x0000000003864110 method=org.gradle.internal.logging.sink.OutputEventRenderer.onOutput(Lorg/gradle/internal/logging/events/OutputEvent;)V @ 1
Event: 65.423 Thread 0x000000001d362800 Uncommon trap: reason=class_check action=maybe_recompile pc=0x0000000003156c68 method=org.gradle.internal.logging.sink.OutputEventTransformer.onOutput(Lorg/gradle/internal/logging/events/OutputEvent;)V @ 225
Event: 65.423 Thread 0x000000001d362800 Uncommon trap: reason=unstable_if action=reinterpret pc=0x0000000002c24088 method=org.gradle.internal.logging.sink.LogEventDispatcher.onOutput(Lorg/gradle/internal/logging/events/OutputEvent;)V @ 35
Event: 65.424 Thread 0x000000001d362800 Uncommon trap: reason=bimorphic action=maybe_recompile pc=0x0000000003864110 method=org.gradle.internal.logging.sink.OutputEventRenderer.onOutput(Lorg/gradle/internal/logging/events/OutputEvent;)V @ 1
Event: 65.424 Thread 0x000000001d362800 Uncommon trap: reason=class_check action=maybe_recompile pc=0x0000000003156c68 method=org.gradle.internal.logging.sink.OutputEventTransformer.onOutput(Lorg/gradle/internal/logging/events/OutputEvent;)V @ 225
Event: 65.425 Thread 0x000000001d362800 Uncommon trap: reason=bimorphic action=maybe_recompile pc=0x0000000003632dd4 method=org.gradle.internal.logging.sink.OutputEventRenderer.onOutput(Lorg/gradle/internal/logging/events/OutputEvent;)V @ 1
Event: 65.429 Thread 0x000000001d362800 Uncommon trap: reason=unstable_if action=reinterpret pc=0x0000000004e17060 method=com.sun.tools.javac.code.Symbol$TypeSymbol.formFullName(Lcom/sun/tools/javac/util/Name;Lcom/sun/tools/javac/code/Symbol;)Lcom/sun/tools/javac/util/Name; @ 1
Event: 66.113 Thread 0x0000000022a72800 Uncommon trap: reason=class_check action=maybe_recompile pc=0x00000000033dde40 method=java.lang.Throwable.<init>(Ljava/lang/String;Ljava/lang/Throwable;)V @ 24

Classes redefined (0 events):
No events

Internal exceptions (10 events):
Event: 64.372 Thread 0x000000001d362800 Exception <a 'java/lang/NullPointerException'> (0x00000000edf17bc8) thrown at [C:\src\AOSP-openjdk-git\hotspot\src\share\vm\interpreter\linkResolver.cpp, line 1185]
Event: 64.424 Thread 0x000000001d362800 Exception <a 'java/lang/NullPointerException'> (0x00000000ee108f50) thrown at [C:\src\AOSP-openjdk-git\hotspot\src\share\vm\interpreter\linkResolver.cpp, line 1185]
Event: 64.424 Thread 0x000000001d362800 Exception <a 'java/lang/NullPointerException'> (0x00000000ee10b250) thrown at [C:\src\AOSP-openjdk-git\hotspot\src\share\vm\interpreter\linkResolver.cpp, line 1185]
Event: 64.696 Thread 0x000000001d362800 Exception <a 'java/lang/NullPointerException'> (0x00000000ee156438) thrown at [C:\src\AOSP-openjdk-git\hotspot\src\share\vm\interpreter\linkResolver.cpp, line 1185]
Event: 64.730 Thread 0x000000001d365000 Exception <a 'sun/nio/fs/WindowsException'> (0x00000000ee3f2bd8) thrown at [C:\src\AOSP-openjdk-git\hotspot\src\share\vm\prims\jni.cpp, line 710]
Event: 64.828 Thread 0x000000001d365000 Exception <a 'java/lang/OutOfMemoryError'> (0x00000000ee3fe020) thrown at [C:\src\AOSP-openjdk-git\hotspot\src\share\vm\prims\unsafe.cpp, line 618]
Event: 65.429 Thread 0x000000001d362800 Implicit null exception at 0x0000000004e16f4f to 0x0000000004e1704d
Event: 66.082 Thread 0x000000001d362800 Exception <a 'java/lang/NoSuchMethodError': <clinit>> (0x00000000f0124910) thrown at [C:\src\AOSP-openjdk-git\hotspot\src\share\vm\prims\jni.cpp, line 1615]
Event: 66.091 Thread 0x000000001d362800 Exception <a 'java/lang/NoSuchMethodError': <clinit>> (0x00000000f0134e60) thrown at [C:\src\AOSP-openjdk-git\hotspot\src\share\vm\prims\jni.cpp, line 1615]
Event: 66.109 Thread 0x000000001d362800 Exception <a 'java/lang/reflect/InvocationTargetException'> (0x00000000f0144a98) thrown at [C:\src\AOSP-openjdk-git\hotspot\src\share\vm\runtime\reflection.cpp, line 1092]

Events (10 events):
Event: 66.099 loading class java/util/WeakHashMap$EntrySet done
Event: 66.100 loading class java/util/WeakHashMap$EntryIterator
Event: 66.100 loading class java/util/WeakHashMap$HashIterator
Event: 66.102 loading class java/util/WeakHashMap$HashIterator done
Event: 66.102 loading class java/util/WeakHashMap$EntryIterator done
Event: 66.108 loading class java/util/WeakHashMap$KeyIterator
Event: 66.109 loading class java/util/WeakHashMap$KeyIterator done
Event: 66.112 Thread 0x0000000022a72800 Uncommon trap: trap_request=0xffffffde fr.pc=0x00000000033dde40
Event: 66.113 Thread 0x0000000022a72800 DEOPT PACKING pc=0x00000000033dde40 sp=0x000000002606bd50
Event: 66.113 Thread 0x0000000022a72800 DEOPT UNPACKING pc=0x00000000027e557b sp=0x000000002606bd38 mode 2


Dynamic libraries:
0x00007ff65b9b0000 - 0x00007ff65b9e1000 	C:\Program Files\Android\Android Studio1\jre\bin\java.exe
0x00007ffed6aa0000 - 0x00007ffed6c90000 	C:\WINDOWS\SYSTEM32\ntdll.dll
0x00007ffed51c0000 - 0x00007ffed5272000 	C:\WINDOWS\System32\KERNEL32.DLL
0x00007ffed4810000 - 0x00007ffed4ab4000 	C:\WINDOWS\System32\KERNELBASE.dll
0x00007ffed5c50000 - 0x00007ffed5cf3000 	C:\WINDOWS\System32\ADVAPI32.dll
0x00007ffed4bb0000 - 0x00007ffed4c4e000 	C:\WINDOWS\System32\msvcrt.dll
0x00007ffed6730000 - 0x00007ffed67c7000 	C:\WINDOWS\System32\sechost.dll
0x00007ffed5500000 - 0x00007ffed5620000 	C:\WINDOWS\System32\RPCRT4.dll
0x00007ffed6570000 - 0x00007ffed6704000 	C:\WINDOWS\System32\USER32.dll
0x00007ffed4b20000 - 0x00007ffed4b41000 	C:\WINDOWS\System32\win32u.dll
0x00007ffed5280000 - 0x00007ffed52a6000 	C:\WINDOWS\System32\GDI32.dll
0x00007ffed45d0000 - 0x00007ffed4765000 	C:\WINDOWS\System32\gdi32full.dll
0x00007ffed4770000 - 0x00007ffed480e000 	C:\WINDOWS\System32\msvcp_win.dll
0x00007ffed43d0000 - 0x00007ffed44ca000 	C:\WINDOWS\System32\ucrtbase.dll
0x00007ffebb220000 - 0x00007ffebb4a4000 	C:\WINDOWS\WinSxS\amd64_microsoft.windows.common-controls_6595b64144ccf1df_6.0.18362.900_none_e6beb9d913147d17\COMCTL32.dll
0x00007ffed4e80000 - 0x00007ffed51b5000 	C:\WINDOWS\System32\combase.dll
0x00007ffed4350000 - 0x00007ffed43d0000 	C:\WINDOWS\System32\bcryptPrimitives.dll
0x00007ffed5c20000 - 0x00007ffed5c4e000 	C:\WINDOWS\System32\IMM32.DLL
0x0000000077e40000 - 0x0000000077f12000 	C:\Program Files\Android\Android Studio1\jre\jre\bin\msvcr100.dll
0x0000000076af0000 - 0x000000007733b000 	C:\Program Files\Android\Android Studio1\jre\jre\bin\server\jvm.dll
0x00007ffed52b0000 - 0x00007ffed52b8000 	C:\WINDOWS\System32\PSAPI.DLL
0x00007ffecc080000 - 0x00007ffecc08a000 	C:\WINDOWS\SYSTEM32\VERSION.dll
0x00007ffed0440000 - 0x00007ffed0464000 	C:\WINDOWS\SYSTEM32\WINMM.dll
0x00007ffeb8130000 - 0x00007ffeb8139000 	C:\WINDOWS\SYSTEM32\WSOCK32.dll
0x00007ffed0310000 - 0x00007ffed033d000 	C:\WINDOWS\SYSTEM32\winmmbase.dll
0x00007ffed4300000 - 0x00007ffed434a000 	C:\WINDOWS\System32\cfgmgr32.dll
0x00007ffed5a90000 - 0x00007ffed5aff000 	C:\WINDOWS\System32\WS2_32.dll
0x00007ffed2170000 - 0x00007ffed217f000 	C:\Program Files\Android\Android Studio1\jre\jre\bin\verify.dll
0x00007ffed1eb0000 - 0x00007ffed1ed9000 	C:\Program Files\Android\Android Studio1\jre\jre\bin\java.dll
0x00007ffed1e90000 - 0x00007ffed1ea6000 	C:\Program Files\Android\Android Studio1\jre\jre\bin\zip.dll
0x00007ffed5d00000 - 0x00007ffed63e6000 	C:\WINDOWS\System32\SHELL32.dll
0x00007ffed5b00000 - 0x00007ffed5ba9000 	C:\WINDOWS\System32\shcore.dll
0x00007ffed3b80000 - 0x00007ffed4300000 	C:\WINDOWS\System32\windows.storage.dll
0x00007ffed3a00000 - 0x00007ffed3a23000 	C:\WINDOWS\System32\profapi.dll
0x00007ffed3970000 - 0x00007ffed39ba000 	C:\WINDOWS\System32\powrprof.dll
0x00007ffed3960000 - 0x00007ffed3970000 	C:\WINDOWS\System32\UMPDC.dll
0x00007ffed4b50000 - 0x00007ffed4ba2000 	C:\WINDOWS\System32\shlwapi.dll
0x00007ffed39c0000 - 0x00007ffed39d1000 	C:\WINDOWS\System32\kernel.appcore.dll
0x00007ffed44d0000 - 0x00007ffed44e7000 	C:\WINDOWS\System32\cryptsp.dll
0x00007ffed1e70000 - 0x00007ffed1e8a000 	C:\Program Files\Android\Android Studio1\jre\jre\bin\net.dll
0x00007ffed31d0000 - 0x00007ffed3237000 	C:\WINDOWS\system32\mswsock.dll
0x00007ffed1e50000 - 0x00007ffed1e63000 	C:\Program Files\Android\Android Studio1\jre\jre\bin\nio.dll
0x00007ffed1c50000 - 0x00007ffed1c76000 	C:\Users\NiteshGupta\.gradle\native\31\windows-amd64\native-platform.dll
0x00007ffed1e40000 - 0x00007ffed1e4d000 	C:\Program Files\Android\Android Studio1\jre\jre\bin\management.dll
0x00007ffed2ad0000 - 0x00007ffed2b03000 	C:\WINDOWS\system32\rsaenh.dll
0x00007ffed44f0000 - 0x00007ffed4516000 	C:\WINDOWS\System32\bcrypt.dll
0x00007ffed3850000 - 0x00007ffed3875000 	C:\WINDOWS\SYSTEM32\USERENV.dll
0x00007ffed33a0000 - 0x00007ffed33ac000 	C:\WINDOWS\SYSTEM32\CRYPTBASE.dll
0x00007ffed2ee0000 - 0x00007ffed2f1a000 	C:\WINDOWS\SYSTEM32\IPHLPAPI.DLL
0x00007ffed5bb0000 - 0x00007ffed5bb8000 	C:\WINDOWS\System32\NSI.dll
0x00007ffecc180000 - 0x00007ffecc196000 	C:\WINDOWS\SYSTEM32\dhcpcsvc6.DLL
0x00007ffecc160000 - 0x00007ffecc17c000 	C:\WINDOWS\SYSTEM32\dhcpcsvc.DLL
0x00007ffed2f20000 - 0x00007ffed2feb000 	C:\WINDOWS\SYSTEM32\DNSAPI.dll
0x000000006adc0000 - 0x000000006aeb2000 	C:\Users\NiteshGupta\AppData\Local\Temp\room-63003a78-cf59-4101-868a-b088082d71df\sqlite-3.20.1-4a680ff8-7180-4db9-9ac3-afcc3a9e96e3-sqlitejdbc.dll

VM Arguments:
jvm_args: -Xmx1536m -Dfile.encoding=windows-1252 -Duser.country=IN -Duser.language=en -Duser.variant 
java_command: org.gradle.launcher.daemon.bootstrap.GradleDaemon 6.1.1
java_class_path (initial): C:\Users\NiteshGupta\.gradle\wrapper\dists\gradle-6.1.1-all\cfmwm155h49vnt3hynmlrsdst\gradle-6.1.1\lib\gradle-launcher-6.1.1.jar
Launcher Type: SUN_STANDARD

Environment Variables:
JAVA_HOME=C:\Program Files\Java\jdk1.8.0_231
PATH=C:\Program Files (x86)\Common Files\Oracle\Java\javapath;C:\ProgramData\Oracle\Java\javapath;C:\WINDOWS\system32;C:\WINDOWS;C:\WINDOWS\System32\Wbem;C:\WINDOWS\System32\WindowsPowerShell\v1.0\;C:\WINDOWS\System32\OpenSSH\;C:\Program Files\nodejs\;C:\Program Files\Intel\WiFi\bin\;C:\Program Files\Common Files\Intel\WirelessCommon\;C:\Program Files (x86)\Webex\Webex\Applications;C:\Users\NiteshGupta\AppData\Local\Android\Sdk\emulator;C:\Program Files\Git\cmd;C:\Program Files\Java\jdk1.8.0_231\bin;C:\Program Files\IBM\Cloud\bin;C:\Program Files\helm\windows-amd64;C:\Users\NiteshGupta\AppData\Local\Microsoft\WindowsApps;C:\Users\NiteshGupta\AppData\Roaming\npm;C:\Users\NiteshGupta\AppData\Local\Programs\Microsoft VS Code\bin;C:\Program Files\nodejs;C:\Program Files\MongoDB\Server\4.0\bin;C:\Users\NiteshGupta\AppData\Local\Android\Sdk\platform-tools;C:\Users\NiteshGupta\AppData\Local\Android\Sdk\tools;C:\Users\NiteshGupta\AppData\Local\Android\Sdk\emulator;C:\Users\NiteshGupta\AppData\Local\Box\Box Edit\
USERNAME=NiteshGupta
OS=Windows_NT
PROCESSOR_IDENTIFIER=Intel64 Family 6 Model 142 Stepping 10, GenuineIntel



---------------  S Y S T E M  ---------------

OS: Windows 10.0 , 64 bit Build 18362 (10.0.18362.900)

CPU:total 8 (initial active 8) (4 cores per cpu, 2 threads per core) family 6 model 142 stepping 10, cmov, cx8, fxsr, mmx, sse, sse2, sse3, ssse3, sse4.1, sse4.2, popcnt, avx, avx2, aes, clmul, erms, rtm, 3dnowpref, lzcnt, ht, tsc, tscinvbit, bmi1, bmi2, adx

Memory: 4k page, physical 8223704k(474980k free), swap 33389528k(8112k free)

vm_info: OpenJDK 64-Bit Server VM (25.242-b01) for windows-amd64 JRE (1.8.0_242-release-1644-b01), built by "builder" with MS VC++ 10.0 (VS2010)

time: Sun Jul 12 00:55:34 2020
timezone: India Standard Time
elapsed time: 66 seconds (0d 0h 1m 6s)

