#
# There is insufficient memory for the Java Runtime Environment to continue.
# Native memory allocation (malloc) failed to allocate 1618256 bytes for Chunk::new
# Possible reasons:
#   The system is out of physical RAM or swap space
#   The process is running with CompressedOops enabled, and the Java Heap may be blocking the growth of the native heap
# Possible solutions:
#   Reduce memory load on the system
#   Increase physical memory or swap space
#   Check if swap backing store is full
#   Decrease Java heap size (-Xmx/-Xms)
#   Decrease number of Java threads
#   Decrease Java thread stack sizes (-Xss)
#   Set larger code cache with -XX:ReservedCodeCacheSize=
#   JVM is running with Unscaled Compressed Oops mode in which the Java heap is
#     placed in the first 4GB address space. The Java Heap base address is the
#     maximum limit for the native heap growth. Please use -XX:HeapBaseMinAddress
#     to set the Java Heap base and to place the Java Heap above 4GB virtual address.
# This output file may be truncated or incomplete.
#
#  Out of Memory Error (allocation.cpp:389), pid=15868, tid=0x0000000000000e48
#
# JRE version: OpenJDK Runtime Environment (8.0_242-b01) (build 1.8.0_242-release-1644-b01)
# Java VM: OpenJDK 64-Bit Server VM (25.242-b01 mixed mode windows-amd64 compressed oops)
# Failed to write core dump. Minidumps are not enabled by default on client versions of Windows
#

---------------  T H R E A D  ---------------

Current thread (0x0000000018cdc800):  JavaThread "C2 CompilerThread2" daemon [_thread_in_native, id=3656, stack(0x00000000197a0000,0x00000000198a0000)]

Stack: [0x00000000197a0000,0x00000000198a0000]
[error occurred during error reporting (printing stack bounds), id 0xc0000005]

Native frames: (J=compiled Java code, j=interpreted, Vv=VM code, C=native code)


Current CompileTask:
C2:   7023 3598       4       groovy.lang.MetaClassImpl$1MOPIter::methodNameAction (325 bytes)


---------------  P R O C E S S  ---------------

Java Threads: ( => current thread )
  0x000000001bd16800 JavaThread "Build operations Thread 8" [_thread_blocked, id=22524, stack(0x0000000023a40000,0x0000000023b40000)]
  0x000000001bd1b800 JavaThread "Build operations Thread 7" [_thread_blocked, id=13844, stack(0x0000000023660000,0x0000000023760000)]
  0x000000001bd18800 JavaThread "Build operations Thread 6" [_thread_blocked, id=24712, stack(0x0000000023560000,0x0000000023660000)]
  0x000000001bd17000 JavaThread "Build operations Thread 5" [_thread_blocked, id=7904, stack(0x0000000023460000,0x0000000023560000)]
  0x000000001bd1b000 JavaThread "Build operations Thread 4" [_thread_blocked, id=3548, stack(0x0000000023360000,0x0000000023460000)]
  0x000000001bd14000 JavaThread "Build operations Thread 3" [_thread_blocked, id=25240, stack(0x0000000023260000,0x0000000023360000)]
  0x000000001bd18000 JavaThread "Build operations Thread 2" [_thread_blocked, id=13436, stack(0x0000000023160000,0x0000000023260000)]
  0x000000001bd13800 JavaThread "Build operations" [_thread_blocked, id=10028, stack(0x0000000023060000,0x0000000023160000)]
  0x000000001bc9a000 JavaThread "Cache worker for execution history cache (C:\Users\NiteshGupta\.gradle\caches\6.1.1\executionHistory)" [_thread_blocked, id=6556, stack(0x00000000210b0000,0x00000000211b0000)]
  0x000000001bc97000 JavaThread "Cache worker for cache directory md-rule (C:\Users\NiteshGupta\.gradle\caches\6.1.1\md-rule)" [_thread_blocked, id=20684, stack(0x000000001ff80000,0x0000000020080000)]
  0x000000001bc9a800 JavaThread "Cache worker for cache directory md-supplier (C:\Users\NiteshGupta\.gradle\caches\6.1.1\md-supplier)" [_thread_blocked, id=1736, stack(0x000000001fe80000,0x000000001ff80000)]
  0x000000001bc95800 JavaThread "Cache worker for file hash cache (C:\Workspace\ChatApplication\.gradle\6.1.1\fileHashes)" [_thread_blocked, id=23276, stack(0x0000000021590000,0x0000000021690000)]
  0x000000001bc97800 JavaThread "Cache worker for checksums cache (C:\Workspace\ChatApplication\.gradle\checksums)" [_thread_blocked, id=24292, stack(0x0000000021490000,0x0000000021590000)]
  0x000000001bc94000 JavaThread "Cache worker for file hash cache (C:\Users\NiteshGupta\.gradle\caches\6.1.1\fileHashes)" [_thread_blocked, id=22076, stack(0x000000001d9e0000,0x000000001dae0000)]
  0x000000001bc94800 JavaThread "File lock request listener" [_thread_in_native, id=8072, stack(0x000000001d8e0000,0x000000001d9e0000)]
  0x000000001bc92800 JavaThread "Cache worker for journal cache (C:\Users\NiteshGupta\.gradle\caches\journal-1)" [_thread_blocked, id=21288, stack(0x000000001d7e0000,0x000000001d8e0000)]
  0x000000001bb72800 JavaThread "Thread-9" [_thread_blocked, id=7948, stack(0x000000001d4e0000,0x000000001d5e0000)]
  0x000000001bb6b000 JavaThread "Stdin handler" [_thread_blocked, id=12440, stack(0x000000001d3e0000,0x000000001d4e0000)]
  0x000000001bb62000 JavaThread "Asynchronous log dispatcher for DefaultDaemonConnection: socket connection from /127.0.0.1:65017 to /127.0.0.1:65018" [_thread_blocked, id=14828, stack(0x000000001d2e0000,0x000000001d3e0000)]
  0x000000001bc6c800 JavaThread "Daemon worker" [_thread_in_native, id=21752, stack(0x000000001d1e0000,0x000000001d2e0000)]
  0x000000001bc6b800 JavaThread "Cancel handler" [_thread_blocked, id=24412, stack(0x000000001d0e0000,0x000000001d1e0000)]
  0x000000001bbe8000 JavaThread "Handler for socket connection from /127.0.0.1:65017 to /127.0.0.1:65018" [_thread_in_native, id=9496, stack(0x000000001cde0000,0x000000001cee0000)]
  0x000000001bbe5800 JavaThread "Daemon" [_thread_blocked, id=20468, stack(0x000000001cce0000,0x000000001cde0000)]
  0x000000001bb25800 JavaThread "Daemon periodic checks" [_thread_blocked, id=10608, stack(0x000000001cbe0000,0x000000001cce0000)]
  0x000000001bb25000 JavaThread "Incoming local TCP Connector on port 65017" [_thread_in_native, id=23200, stack(0x000000001c9a0000,0x000000001caa0000)]
  0x0000000019c8e000 JavaThread "Daemon health stats" [_thread_blocked, id=24900, stack(0x000000001b370000,0x000000001b470000)]
  0x0000000018d69800 JavaThread "Service Thread" daemon [_thread_blocked, id=15932, stack(0x00000000199a0000,0x0000000019aa0000)]
  0x0000000018cfc800 JavaThread "C1 CompilerThread3" daemon [_thread_blocked, id=15952, stack(0x00000000198a0000,0x00000000199a0000)]
=>0x0000000018cdc800 JavaThread "C2 CompilerThread2" daemon [_thread_in_native, id=3656, stack(0x00000000197a0000,0x00000000198a0000)]
  0x0000000018cd7000 JavaThread "C2 CompilerThread1" daemon [_thread_in_native, id=6672, stack(0x00000000196a0000,0x00000000197a0000)]
  0x0000000018cd1800 JavaThread "C2 CompilerThread0" daemon [_thread_in_native, id=12856, stack(0x00000000195a0000,0x00000000196a0000)]
  0x0000000018cd0800 JavaThread "Attach Listener" daemon [_thread_blocked, id=4148, stack(0x00000000194a0000,0x00000000195a0000)]
  0x0000000016ebe800 JavaThread "Signal Dispatcher" daemon [_thread_blocked, id=23416, stack(0x00000000193a0000,0x00000000194a0000)]
  0x0000000016eb2800 JavaThread "Finalizer" daemon [_thread_blocked, id=22072, stack(0x00000000191a0000,0x00000000192a0000)]
  0x0000000016eab800 JavaThread "Reference Handler" daemon [_thread_blocked, id=1060, stack(0x00000000190a0000,0x00000000191a0000)]
  0x0000000002e4e800 JavaThread "main" [_thread_blocked, id=2660, stack(0x0000000002ef0000,0x0000000002ff0000)]

Other Threads:
  0x0000000016ea7800 VMThread [stack: 0x0000000018ba0000,0x0000000018ca0000] [id=1428]
  0x0000000018d6a800 WatcherThread [stack: 0x0000000019aa0000,0x0000000019ba0000] [id=9808]

VM state:not at safepoint (normal execution)

VM Mutex/Monitor currently owned by a thread: None

heap address: 0x00000000a0000000, size: 1536 MB, Compressed Oops mode: 32-bit
Narrow klass base: 0x0000000000000000, Narrow klass shift: 3
Compressed class space size: 1073741824 Address: 0x0000000100000000

Heap:
 PSYoungGen      total 272896K, used 59711K [0x00000000e0000000, 0x00000000f9780000, 0x0000000100000000)
  eden space 257024K, 23% used [0x00000000e0000000,0x00000000e3a4fd40,0x00000000efb00000)
  from space 15872K, 0% used [0x00000000efb00000,0x00000000efb00000,0x00000000f0a80000)
  to   space 15360K, 0% used [0x00000000f8880000,0x00000000f8880000,0x00000000f9780000)
 ParOldGen       total 85504K, used 16158K [0x00000000a0000000, 0x00000000a5380000, 0x00000000e0000000)
  object space 85504K, 18% used [0x00000000a0000000,0x00000000a0fc79a8,0x00000000a5380000)
 Metaspace       used 36240K, capacity 37578K, committed 37928K, reserved 1081344K
  class space    used 4993K, capacity 5315K, committed 5424K, reserved 1048576K

Card table byte_map: [0x00000000124b0000,0x00000000127c0000] byte_map_base: 0x0000000011fb0000

Marking Bits: (ParMarkBitMap*) 0x00000000772bf030
 Begin Bits: [0x00000000131c0000, 0x00000000149c0000)
 End Bits:   [0x00000000149c0000, 0x00000000161c0000)

Polling page: 0x00000000012d0000

CodeCache: size=245760Kb used=11672Kb max_used=11757Kb free=234087Kb
 bounds [0x00000000030f0000, 0x0000000003c80000, 0x00000000120f0000]
 total_blobs=4134 nmethods=3431 adapters=616
 compilation: enabled

Compilation events (10 events):
Event: 6.993 Thread 0x0000000018cfc800 3705       3       java.io.ObjectOutputStream$BlockDataOutputStream::writeByte (33 bytes)
Event: 6.993 Thread 0x0000000018cfc800 nmethod 3705 0x00000000036ee050 code [0x00000000036ee1c0, 0x00000000036ee3e8]
Event: 7.005 Thread 0x0000000018cfc800 3706       3       java.util.regex.Pattern::compile (10 bytes)
Event: 7.006 Thread 0x0000000018cfc800 nmethod 3706 0x00000000036edc50 code [0x00000000036eddc0, 0x00000000036edfa8]
Event: 7.016 Thread 0x0000000018cfc800 3707       3       java.util.HashMap::removeNode (291 bytes)
Event: 7.017 Thread 0x0000000018cfc800 nmethod 3707 0x00000000036cc850 code [0x00000000036ccaa0, 0x00000000036cdcd8]
Event: 7.017 Thread 0x0000000018cfc800 3708       3       org.gradle.internal.dispatch.ProxyDispatchAdapter$DispatchingInvocationHandler::invoke (184 bytes)
Event: 7.019 Thread 0x0000000018cfc800 nmethod 3708 0x00000000036c96d0 code [0x00000000036c9a40, 0x00000000036cb9e8]
Event: 7.019 Thread 0x0000000018cfc800 3709       3       org.gradle.api.internal.initialization.ClassLoaderScopeIdentifier::hashCode (23 bytes)
Event: 7.020 Thread 0x0000000018cfc800 nmethod 3709 0x00000000036ed310 code [0x00000000036ed4c0, 0x00000000036ed9c8]

GC Heap History (10 events):
Event: 3.560 GC heap before
{Heap before GC invocations=5 (full 0):
 PSYoungGen      total 136192K, used 13682K [0x00000000e0000000, 0x00000000e8a00000, 0x0000000100000000)
  eden space 131072K, 6% used [0x00000000e0000000,0x00000000e08608d8,0x00000000e8000000)
  from space 5120K, 99% used [0x00000000e8500000,0x00000000e89fc030,0x00000000e8a00000)
  to   space 5120K, 0% used [0x00000000e8000000,0x00000000e8000000,0x00000000e8500000)
 ParOldGen       total 86016K, used 11012K [0x00000000a0000000, 0x00000000a5400000, 0x00000000e0000000)
  object space 86016K, 12% used [0x00000000a0000000,0x00000000a0ac1088,0x00000000a5400000)
 Metaspace       used 20697K, capacity 21260K, committed 21296K, reserved 1067008K
  class space    used 2903K, capacity 3116K, committed 3120K, reserved 1048576K
Event: 3.566 GC heap after
Heap after GC invocations=5 (full 0):
 PSYoungGen      total 136192K, used 5088K [0x00000000e0000000, 0x00000000f1a00000, 0x0000000100000000)
  eden space 131072K, 0% used [0x00000000e0000000,0x00000000e0000000,0x00000000e8000000)
  from space 5120K, 99% used [0x00000000e8000000,0x00000000e84f8040,0x00000000e8500000)
  to   space 13312K, 0% used [0x00000000f0d00000,0x00000000f0d00000,0x00000000f1a00000)
 ParOldGen       total 86016K, used 11649K [0x00000000a0000000, 0x00000000a5400000, 0x00000000e0000000)
  object space 86016K, 13% used [0x00000000a0000000,0x00000000a0b605f8,0x00000000a5400000)
 Metaspace       used 20697K, capacity 21260K, committed 21296K, reserved 1067008K
  class space    used 2903K, capacity 3116K, committed 3120K, reserved 1048576K
}
Event: 3.566 GC heap before
{Heap before GC invocations=6 (full 1):
 PSYoungGen      total 136192K, used 5088K [0x00000000e0000000, 0x00000000f1a00000, 0x0000000100000000)
  eden space 131072K, 0% used [0x00000000e0000000,0x00000000e0000000,0x00000000e8000000)
  from space 5120K, 99% used [0x00000000e8000000,0x00000000e84f8040,0x00000000e8500000)
  to   space 13312K, 0% used [0x00000000f0d00000,0x00000000f0d00000,0x00000000f1a00000)
 ParOldGen       total 86016K, used 11649K [0x00000000a0000000, 0x00000000a5400000, 0x00000000e0000000)
  object space 86016K, 13% used [0x00000000a0000000,0x00000000a0b605f8,0x00000000a5400000)
 Metaspace       used 20697K, capacity 21260K, committed 21296K, reserved 1067008K
  class space    used 2903K, capacity 3116K, committed 3120K, reserved 1048576K
Event: 3.598 GC heap after
Heap after GC invocations=6 (full 1):
 PSYoungGen      total 136192K, used 0K [0x00000000e0000000, 0x00000000f1a00000, 0x0000000100000000)
  eden space 131072K, 0% used [0x00000000e0000000,0x00000000e0000000,0x00000000e8000000)
  from space 5120K, 0% used [0x00000000e8000000,0x00000000e8000000,0x00000000e8500000)
  to   space 13312K, 0% used [0x00000000f0d00000,0x00000000f0d00000,0x00000000f1a00000)
 ParOldGen       total 57856K, used 8690K [0x00000000a0000000, 0x00000000a3880000, 0x00000000e0000000)
  object space 57856K, 15% used [0x00000000a0000000,0x00000000a087cbc8,0x00000000a3880000)
 Metaspace       used 20697K, capacity 21260K, committed 21296K, reserved 1067008K
  class space    used 2903K, capacity 3116K, committed 3120K, reserved 1048576K
}
Event: 5.281 GC heap before
{Heap before GC invocations=7 (full 1):
 PSYoungGen      total 136192K, used 131072K [0x00000000e0000000, 0x00000000f1a00000, 0x0000000100000000)
  eden space 131072K, 100% used [0x00000000e0000000,0x00000000e8000000,0x00000000e8000000)
  from space 5120K, 0% used [0x00000000e8000000,0x00000000e8000000,0x00000000e8500000)
  to   space 13312K, 0% used [0x00000000f0d00000,0x00000000f0d00000,0x00000000f1a00000)
 ParOldGen       total 57856K, used 8690K [0x00000000a0000000, 0x00000000a3880000, 0x00000000e0000000)
  object space 57856K, 15% used [0x00000000a0000000,0x00000000a087cbc8,0x00000000a3880000)
 Metaspace       used 32018K, capacity 32784K, committed 33072K, reserved 1077248K
  class space    used 4362K, capacity 4606K, committed 4656K, reserved 1048576K
Event: 5.301 GC heap after
Heap after GC invocations=7 (full 1):
 PSYoungGen      total 238592K, used 13296K [0x00000000e0000000, 0x00000000f1a00000, 0x0000000100000000)
  eden space 225280K, 0% used [0x00000000e0000000,0x00000000e0000000,0x00000000edc00000)
  from space 13312K, 99% used [0x00000000f0d00000,0x00000000f19fc3f0,0x00000000f1a00000)
  to   space 15872K, 0% used [0x00000000efb00000,0x00000000efb00000,0x00000000f0a80000)
 ParOldGen       total 57856K, used 8806K [0x00000000a0000000, 0x00000000a3880000, 0x00000000e0000000)
  object space 57856K, 15% used [0x00000000a0000000,0x00000000a0899ab8,0x00000000a3880000)
 Metaspace       used 32018K, capacity 32784K, committed 33072K, reserved 1077248K
  class space    used 4362K, capacity 4606K, committed 4656K, reserved 1048576K
}
Event: 5.757 GC heap before
{Heap before GC invocations=8 (full 1):
 PSYoungGen      total 238592K, used 69200K [0x00000000e0000000, 0x00000000f1a00000, 0x0000000100000000)
  eden space 225280K, 24% used [0x00000000e0000000,0x00000000e3697d70,0x00000000edc00000)
  from space 13312K, 99% used [0x00000000f0d00000,0x00000000f19fc3f0,0x00000000f1a00000)
  to   space 15872K, 0% used [0x00000000efb00000,0x00000000efb00000,0x00000000f0a80000)
 ParOldGen       total 57856K, used 8806K [0x00000000a0000000, 0x00000000a3880000, 0x00000000e0000000)
  object space 57856K, 15% used [0x00000000a0000000,0x00000000a0899ab8,0x00000000a3880000)
 Metaspace       used 34534K, capacity 35398K, committed 35496K, reserved 1079296K
  class space    used 4733K, capacity 4970K, committed 5040K, reserved 1048576K
Event: 5.768 GC heap after
Heap after GC invocations=8 (full 1):
 PSYoungGen      total 272896K, used 9580K [0x00000000e0000000, 0x00000000f9780000, 0x0000000100000000)
  eden space 257024K, 0% used [0x00000000e0000000,0x00000000e0000000,0x00000000efb00000)
  from space 15872K, 60% used [0x00000000efb00000,0x00000000f045b378,0x00000000f0a80000)
  to   space 15360K, 0% used [0x00000000f8880000,0x00000000f8880000,0x00000000f9780000)
 ParOldGen       total 57856K, used 8814K [0x00000000a0000000, 0x00000000a3880000, 0x00000000e0000000)
  object space 57856K, 15% used [0x00000000a0000000,0x00000000a089bab8,0x00000000a3880000)
 Metaspace       used 34534K, capacity 35398K, committed 35496K, reserved 1079296K
  class space    used 4733K, capacity 4970K, committed 5040K, reserved 1048576K
}
Event: 5.768 GC heap before
{Heap before GC invocations=9 (full 2):
 PSYoungGen      total 272896K, used 9580K [0x00000000e0000000, 0x00000000f9780000, 0x0000000100000000)
  eden space 257024K, 0% used [0x00000000e0000000,0x00000000e0000000,0x00000000efb00000)
  from space 15872K, 60% used [0x00000000efb00000,0x00000000f045b378,0x00000000f0a80000)
  to   space 15360K, 0% used [0x00000000f8880000,0x00000000f8880000,0x00000000f9780000)
 ParOldGen       total 57856K, used 8814K [0x00000000a0000000, 0x00000000a3880000, 0x00000000e0000000)
  object space 57856K, 15% used [0x00000000a0000000,0x00000000a089bab8,0x00000000a3880000)
 Metaspace       used 34534K, capacity 35398K, committed 35496K, reserved 1079296K
  class space    used 4733K, capacity 4970K, committed 5040K, reserved 1048576K
Event: 5.851 GC heap after
Heap after GC invocations=9 (full 2):
 PSYoungGen      total 272896K, used 0K [0x00000000e0000000, 0x00000000f9780000, 0x0000000100000000)
  eden space 257024K, 0% used [0x00000000e0000000,0x00000000e0000000,0x00000000efb00000)
  from space 15872K, 0% used [0x00000000efb00000,0x00000000efb00000,0x00000000f0a80000)
  to   space 15360K, 0% used [0x00000000f8880000,0x00000000f8880000,0x00000000f9780000)
 ParOldGen       total 85504K, used 16158K [0x00000000a0000000, 0x00000000a5380000, 0x00000000e0000000)
  object space 85504K, 18% used [0x00000000a0000000,0x00000000a0fc79a8,0x00000000a5380000)
 Metaspace       used 34534K, capacity 35398K, committed 35496K, reserved 1079296K
  class space    used 4733K, capacity 4970K, committed 5040K, reserved 1048576K
}

Deoptimization events (10 events):
Event: 5.133 Thread 0x000000001bc6c800 Uncommon trap: reason=unstable_if action=reinterpret pc=0x0000000003a4c504 method=org.codehaus.groovy.runtime.metaclass.MetaMethodIndex.addMethodToList(Ljava/lang/Object;Lgroovy/lang/MetaMethod;)Ljava/lang/Object; @ 226
Event: 5.302 Thread 0x0000000016eab800 Uncommon trap: reason=unstable_if action=reinterpret pc=0x00000000037184fc method=java.lang.ref.Reference.tryHandlePending(Z)Z @ 104
Event: 5.629 Thread 0x000000001bc6c800 Uncommon trap: reason=unstable_if action=reinterpret pc=0x000000000379903c method=jdk.internal.org.objectweb.asm.Type.getArgumentsAndReturnSizes(Ljava/lang/String;)I @ 88
Event: 6.328 Thread 0x000000001bc6c800 Uncommon trap: reason=unstable_if action=reinterpret pc=0x000000000366bc90 method=java.util.concurrent.ConcurrentHashMap.addCount(JI)V @ 168
Event: 6.341 Thread 0x000000001bd14000 Uncommon trap: reason=unstable_if action=reinterpret pc=0x0000000003c1ba3c method=com.esotericsoftware.kryo.io.Input.readUtf8Length(I)I @ 9
Event: 6.348 Thread 0x000000001bd14000 Uncommon trap: reason=unstable_if action=reinterpret pc=0x00000000035d1e5c method=java.util.concurrent.ConcurrentHashMap.addCount(JI)V @ 34
Event: 6.689 Thread 0x000000001bc6c800 Uncommon trap: reason=unstable_if action=reinterpret pc=0x000000000345a16c method=java.util.jar.JarFile.match([C[B[I[I)Z @ 29
Event: 6.912 Thread 0x000000001bc6c800 Uncommon trap: reason=range_check action=make_not_entrant pc=0x0000000003b33764 method=java.lang.String.charAt(I)C @ 27
Event: 6.964 Thread 0x000000001bc6c800 Uncommon trap: reason=unstable_if action=reinterpret pc=0x0000000003ab05c0 method=org.codehaus.groovy.reflection.CachedMethod.compareToMethod(Ljava/lang/reflect/Method;)I @ 111
Event: 6.980 Thread 0x000000001bc6c800 Uncommon trap: reason=unstable_if action=reinterpret pc=0x0000000003430290 method=java.util.regex.Pattern.has(I)Z @ 6

Classes redefined (0 events):
No events

Internal exceptions (10 events):
Event: 6.962 Thread 0x000000001bc6c800 Exception <a 'java/lang/ClassNotFoundException': org/gradle/api/tasks/DeleteCustomizer> (0x00000000e3504d70) thrown at [C:\src\AOSP-openjdk-git\hotspot\src\share\vm\classfile\systemDictionary.cpp, line 210]
Event: 6.963 Thread 0x000000001bc6c800 Exception <a 'java/lang/ClassNotFoundException': org/gradle/api/tasks/Delete_DecoratedCustomizer> (0x00000000e3557518) thrown at [C:\src\AOSP-openjdk-git\hotspot\src\share\vm\classfile\systemDictionary.cpp, line 210]
Event: 6.983 Thread 0x000000001bb72800 Exception <a 'java/lang/NoSuchMethodError': <clinit>> (0x00000000e0008da8) thrown at [C:\src\AOSP-openjdk-git\hotspot\src\share\vm\prims\jni.cpp, line 1615]
Event: 6.985 Thread 0x000000001bb72800 Exception <a 'java/lang/NoSuchMethodError': <clinit>> (0x00000000e0026328) thrown at [C:\src\AOSP-openjdk-git\hotspot\src\share\vm\prims\jni.cpp, line 1615]
Event: 6.985 Thread 0x000000001bb72800 Exception <a 'java/lang/NoSuchMethodError': <clinit>> (0x00000000e0027860) thrown at [C:\src\AOSP-openjdk-git\hotspot\src\share\vm\prims\jni.cpp, line 1615]
Event: 6.985 Thread 0x000000001bb72800 Exception <a 'java/lang/NoSuchMethodError': <clinit>> (0x00000000e0029158) thrown at [C:\src\AOSP-openjdk-git\hotspot\src\share\vm\prims\jni.cpp, line 1615]
Event: 6.985 Thread 0x000000001bb72800 Exception <a 'java/lang/NoSuchMethodError': <clinit>> (0x00000000e002a680) thrown at [C:\src\AOSP-openjdk-git\hotspot\src\share\vm\prims\jni.cpp, line 1615]
Event: 6.987 Thread 0x000000001bb72800 Exception <a 'java/lang/NoSuchMethodError': <clinit>> (0x00000000e00348f0) thrown at [C:\src\AOSP-openjdk-git\hotspot\src\share\vm\prims\jni.cpp, line 1615]
Event: 6.987 Thread 0x000000001bb72800 Exception <a 'java/lang/NoSuchMethodError': <clinit>> (0x00000000e003f810) thrown at [C:\src\AOSP-openjdk-git\hotspot\src\share\vm\prims\jni.cpp, line 1615]
Event: 6.991 Thread 0x000000001bb72800 Exception <a 'java/lang/NoSuchMethodError': <clinit>> (0x00000000e0052c18) thrown at [C:\src\AOSP-openjdk-git\hotspot\src\share\vm\prims\jni.cpp, line 1615]

Events (10 events):
Event: 6.980 loading class java/util/regex/Pattern$SingleI
Event: 6.981 loading class java/util/regex/Pattern$SingleI done
Event: 6.981 loading class java/util/regex/Pattern$3
Event: 6.981 loading class java/util/regex/Pattern$3 done
Event: 6.982 loading class org/gradle/internal/build/event/types/DefaultOperationFinishedProgressEvent
Event: 6.982 loading class org/gradle/internal/build/event/types/DefaultOperationFinishedProgressEvent done
Event: 6.986 Executing VM operation: BulkRevokeBias
Event: 6.986 Executing VM operation: BulkRevokeBias done
Event: 6.988 loading class java/time/Ser
Event: 6.989 loading class java/time/Ser done


Dynamic libraries:
0x00007ff65b9b0000 - 0x00007ff65b9e1000 	C:\Program Files\Android\Android Studio1\jre\bin\java.exe
0x00007ffed6aa0000 - 0x00007ffed6c90000 	C:\WINDOWS\SYSTEM32\ntdll.dll
0x00007ffed51c0000 - 0x00007ffed5272000 	C:\WINDOWS\System32\KERNEL32.DLL
0x00007ffed4810000 - 0x00007ffed4ab4000 	C:\WINDOWS\System32\KERNELBASE.dll
0x00007ffed5c50000 - 0x00007ffed5cf3000 	C:\WINDOWS\System32\ADVAPI32.dll
0x00007ffed4bb0000 - 0x00007ffed4c4e000 	C:\WINDOWS\System32\msvcrt.dll
0x00007ffed6730000 - 0x00007ffed67c7000 	C:\WINDOWS\System32\sechost.dll
0x00007ffed5500000 - 0x00007ffed5620000 	C:\WINDOWS\System32\RPCRT4.dll
0x00007ffed6570000 - 0x00007ffed6704000 	C:\WINDOWS\System32\USER32.dll
0x00007ffed4b20000 - 0x00007ffed4b41000 	C:\WINDOWS\System32\win32u.dll
0x00007ffed5280000 - 0x00007ffed52a6000 	C:\WINDOWS\System32\GDI32.dll
0x00007ffed45d0000 - 0x00007ffed4765000 	C:\WINDOWS\System32\gdi32full.dll
0x00007ffed4770000 - 0x00007ffed480e000 	C:\WINDOWS\System32\msvcp_win.dll
0x00007ffed43d0000 - 0x00007ffed44ca000 	C:\WINDOWS\System32\ucrtbase.dll
0x00007ffebb220000 - 0x00007ffebb4a4000 	C:\WINDOWS\WinSxS\amd64_microsoft.windows.common-controls_6595b64144ccf1df_6.0.18362.900_none_e6beb9d913147d17\COMCTL32.dll
0x00007ffed4e80000 - 0x00007ffed51b5000 	C:\WINDOWS\System32\combase.dll
0x00007ffed4350000 - 0x00007ffed43d0000 	C:\WINDOWS\System32\bcryptPrimitives.dll
0x00007ffed5c20000 - 0x00007ffed5c4e000 	C:\WINDOWS\System32\IMM32.DLL
0x0000000077e40000 - 0x0000000077f12000 	C:\Program Files\Android\Android Studio1\jre\jre\bin\msvcr100.dll
0x0000000076af0000 - 0x000000007733b000 	C:\Program Files\Android\Android Studio1\jre\jre\bin\server\jvm.dll
0x00007ffed52b0000 - 0x00007ffed52b8000 	C:\WINDOWS\System32\PSAPI.DLL
0x00007ffeb8130000 - 0x00007ffeb8139000 	C:\WINDOWS\SYSTEM32\WSOCK32.dll
0x00007ffecc080000 - 0x00007ffecc08a000 	C:\WINDOWS\SYSTEM32\VERSION.dll
0x00007ffed0440000 - 0x00007ffed0464000 	C:\WINDOWS\SYSTEM32\WINMM.dll
0x00007ffed5a90000 - 0x00007ffed5aff000 	C:\WINDOWS\System32\WS2_32.dll
0x00007ffed0310000 - 0x00007ffed033d000 	C:\WINDOWS\SYSTEM32\WINMMBASE.dll
0x00007ffed4300000 - 0x00007ffed434a000 	C:\WINDOWS\System32\cfgmgr32.dll
0x00007ffed2170000 - 0x00007ffed217f000 	C:\Program Files\Android\Android Studio1\jre\jre\bin\verify.dll
0x00007ffed1eb0000 - 0x00007ffed1ed9000 	C:\Program Files\Android\Android Studio1\jre\jre\bin\java.dll
0x00007ffed1e90000 - 0x00007ffed1ea6000 	C:\Program Files\Android\Android Studio1\jre\jre\bin\zip.dll
0x00007ffed5d00000 - 0x00007ffed63e6000 	C:\WINDOWS\System32\SHELL32.dll
0x00007ffed5b00000 - 0x00007ffed5ba9000 	C:\WINDOWS\System32\shcore.dll
0x00007ffed3b80000 - 0x00007ffed4300000 	C:\WINDOWS\System32\windows.storage.dll
0x00007ffed3a00000 - 0x00007ffed3a23000 	C:\WINDOWS\System32\profapi.dll
0x00007ffed3970000 - 0x00007ffed39ba000 	C:\WINDOWS\System32\powrprof.dll
0x00007ffed3960000 - 0x00007ffed3970000 	C:\WINDOWS\System32\UMPDC.dll
0x00007ffed4b50000 - 0x00007ffed4ba2000 	C:\WINDOWS\System32\shlwapi.dll
0x00007ffed39c0000 - 0x00007ffed39d1000 	C:\WINDOWS\System32\kernel.appcore.dll
0x00007ffed44d0000 - 0x00007ffed44e7000 	C:\WINDOWS\System32\cryptsp.dll
0x00007ffed1e70000 - 0x00007ffed1e8a000 	C:\Program Files\Android\Android Studio1\jre\jre\bin\net.dll
0x00007ffed31d0000 - 0x00007ffed3237000 	C:\WINDOWS\system32\mswsock.dll
0x00007ffed1e50000 - 0x00007ffed1e63000 	C:\Program Files\Android\Android Studio1\jre\jre\bin\nio.dll
0x00007ffed1c50000 - 0x00007ffed1c76000 	C:\Users\NiteshGupta\.gradle\native\31\windows-amd64\native-platform.dll
0x00007ffed1e40000 - 0x00007ffed1e4d000 	C:\Program Files\Android\Android Studio1\jre\jre\bin\management.dll
0x00007ffed2ad0000 - 0x00007ffed2b03000 	C:\WINDOWS\system32\rsaenh.dll
0x00007ffed44f0000 - 0x00007ffed4516000 	C:\WINDOWS\System32\bcrypt.dll
0x00007ffed3850000 - 0x00007ffed3875000 	C:\WINDOWS\SYSTEM32\USERENV.dll
0x00007ffed33a0000 - 0x00007ffed33ac000 	C:\WINDOWS\SYSTEM32\CRYPTBASE.dll
0x00007ffed2ee0000 - 0x00007ffed2f1a000 	C:\WINDOWS\SYSTEM32\IPHLPAPI.DLL
0x00007ffed5bb0000 - 0x00007ffed5bb8000 	C:\WINDOWS\System32\NSI.dll
0x00007ffecc180000 - 0x00007ffecc196000 	C:\WINDOWS\SYSTEM32\dhcpcsvc6.DLL
0x00007ffecc160000 - 0x00007ffecc17c000 	C:\WINDOWS\SYSTEM32\dhcpcsvc.DLL
0x00007ffed2f20000 - 0x00007ffed2feb000 	C:\WINDOWS\SYSTEM32\DNSAPI.dll

VM Arguments:
jvm_args: -Xmx1536m -Dfile.encoding=windows-1252 -Duser.country=IN -Duser.language=en -Duser.variant 
java_command: org.gradle.launcher.daemon.bootstrap.GradleDaemon 6.1.1
java_class_path (initial): C:\Users\NiteshGupta\.gradle\wrapper\dists\gradle-6.1.1-all\cfmwm155h49vnt3hynmlrsdst\gradle-6.1.1\lib\gradle-launcher-6.1.1.jar
Launcher Type: SUN_STANDARD

Environment Variables:
JAVA_HOME=C:\Program Files\Java\jdk1.8.0_231
PATH=C:\Program Files (x86)\Common Files\Oracle\Java\javapath;C:\ProgramData\Oracle\Java\javapath;C:\WINDOWS\system32;C:\WINDOWS;C:\WINDOWS\System32\Wbem;C:\WINDOWS\System32\WindowsPowerShell\v1.0\;C:\WINDOWS\System32\OpenSSH\;C:\Program Files\nodejs\;C:\Program Files\Intel\WiFi\bin\;C:\Program Files\Common Files\Intel\WirelessCommon\;C:\Program Files (x86)\Webex\Webex\Applications;C:\Users\NiteshGupta\AppData\Local\Android\Sdk\emulator;C:\Program Files\Git\cmd;C:\Program Files\Java\jdk1.8.0_231\bin;C:\Program Files\IBM\Cloud\bin;C:\Program Files\helm\windows-amd64;C:\Users\NiteshGupta\AppData\Local\Microsoft\WindowsApps;C:\Users\NiteshGupta\AppData\Roaming\npm;C:\Users\NiteshGupta\AppData\Local\Programs\Microsoft VS Code\bin;C:\Program Files\nodejs;C:\Program Files\MongoDB\Server\4.0\bin;C:\Users\NiteshGupta\AppData\Local\Android\Sdk\platform-tools;C:\Users\NiteshGupta\AppData\Local\Android\Sdk\tools;C:\Users\NiteshGupta\AppData\Local\Android\Sdk\emulator;C:\Users\NiteshGupta\AppData\Local\Box\Box Edit\
USERNAME=NiteshGupta
OS=Windows_NT
PROCESSOR_IDENTIFIER=Intel64 Family 6 Model 142 Stepping 10, GenuineIntel



---------------  S Y S T E M  ---------------

OS: Windows 10.0 , 64 bit Build 18362 (10.0.18362.900)

CPU:total 8 (initial active 8) (4 cores per cpu, 2 threads per core) family 6 model 142 stepping 10, cmov, cx8, fxsr, mmx, sse, sse2, sse3, ssse3, sse4.1, sse4.2, popcnt, avx, avx2, aes, clmul, erms, rtm, 3dnowpref, lzcnt, ht, tsc, tscinvbit, bmi1, bmi2, adx

Memory: 4k page, physical 8223704k(172680k free), swap 33389528k(5808k free)

vm_info: OpenJDK 64-Bit Server VM (25.242-b01) for windows-amd64 JRE (1.8.0_242-release-1644-b01), built by "builder" with MS VC++ 10.0 (VS2010)

time: Sun Jul 12 00:44:30 2020
timezone: India Standard Time
elapsed time: 7 seconds (0d 0h 0m 7s)

