#
# There is insufficient memory for the Java Runtime Environment to continue.
# Native memory allocation (malloc) failed to allocate 1399376 bytes for Chunk::new
# Possible reasons:
#   The system is out of physical RAM or swap space
#   The process is running with CompressedOops enabled, and the Java Heap may be blocking the growth of the native heap
# Possible solutions:
#   Reduce memory load on the system
#   Increase physical memory or swap space
#   Check if swap backing store is full
#   Decrease Java heap size (-Xmx/-Xms)
#   Decrease number of Java threads
#   Decrease Java thread stack sizes (-Xss)
#   Set larger code cache with -XX:ReservedCodeCacheSize=
#   JVM is running with Unscaled Compressed Oops mode in which the Java heap is
#     placed in the first 4GB address space. The Java Heap base address is the
#     maximum limit for the native heap growth. Please use -XX:HeapBaseMinAddress
#     to set the Java Heap base and to place the Java Heap above 4GB virtual address.
# This output file may be truncated or incomplete.
#
#  Out of Memory Error (allocation.cpp:389), pid=24636, tid=0x0000000000002440
#
# JRE version: OpenJDK Runtime Environment (8.0_242-b01) (build 1.8.0_242-release-1644-b01)
# Java VM: OpenJDK 64-Bit Server VM (25.242-b01 mixed mode windows-amd64 compressed oops)
# Failed to write core dump. Minidumps are not enabled by default on client versions of Windows
#

---------------  T H R E A D  ---------------

Current thread (0x0000000018119000):  JavaThread "C2 CompilerThread1" daemon [_thread_in_native, id=9280, stack(0x0000000018ae0000,0x0000000018be0000)]

Stack: [0x0000000018ae0000,0x0000000018be0000]
[error occurred during error reporting (printing stack bounds), id 0xc0000005]

Native frames: (J=compiled Java code, j=interpreted, Vv=VM code, C=native code)


Current CompileTask:
C2:3928703 23016       4       com.android.ide.common.resources.NodeUtils::updateNamespace (161 bytes)


---------------  P R O C E S S  ---------------

Java Threads: ( => current thread )
  0x0000000020675800 JavaThread "stdout" [_thread_in_native, id=10768, stack(0x000000002b950000,0x000000002ba50000)]
  0x0000000020679800 JavaThread "stderr" [_thread_in_native, id=3640, stack(0x000000002b1a0000,0x000000002b2a0000)]
  0x000000002066c800 JavaThread "pool-10-thread-1" [_thread_blocked, id=7024, stack(0x000000002ada0000,0x000000002aea0000)]
  0x0000000020673800 JavaThread "WorkerExecutor Queue" [_thread_blocked, id=8488, stack(0x000000002aca0000,0x000000002ada0000)]
  0x000000002066d800 JavaThread "Cache worker for execution history cache (C:\Workspace\ChatApplication\.gradle\6.1.1\executionHistory)" [_thread_blocked, id=21136, stack(0x000000002a5a0000,0x000000002a6a0000)]
  0x0000000020672000 JavaThread "Execution worker for ':' Thread 7" [_thread_blocked, id=24444, stack(0x000000002a4a0000,0x000000002a5a0000)]
  0x0000000020670800 JavaThread "Execution worker for ':' Thread 6" [_thread_in_native, id=15904, stack(0x000000002a3a0000,0x000000002a4a0000)]
  0x0000000020671000 JavaThread "Execution worker for ':' Thread 5" [_thread_blocked, id=19728, stack(0x000000002a0a0000,0x000000002a1a0000)]
  0x0000000023b9c800 JavaThread "Execution worker for ':' Thread 4" [_thread_in_native, id=13028, stack(0x0000000029da0000,0x0000000029ea0000)]
  0x0000000023b96800 JavaThread "Execution worker for ':' Thread 3" [_thread_in_native, id=5764, stack(0x0000000029040000,0x0000000029140000)]
  0x0000000023b9b000 JavaThread "Execution worker for ':' Thread 2" [_thread_in_native, id=12276, stack(0x0000000028a30000,0x0000000028b30000)]
  0x0000000023b8f000 JavaThread "Execution worker for ':'" [_thread_in_native, id=23008, stack(0x0000000028430000,0x0000000028530000)]
  0x0000000023b9c000 JavaThread "Cache worker for file content cache (C:\Workspace\ChatApplication\.gradle\6.1.1\fileContent)" [_thread_blocked, id=23460, stack(0x00000000245e0000,0x00000000246e0000)]
  0x0000000023b9a800 JavaThread "Cache worker for Build Output Cleanup Cache (C:\Workspace\ChatApplication\.gradle\buildOutputCleanup)" [_thread_blocked, id=11860, stack(0x0000000024050000,0x0000000024150000)]
  0x0000000023b97800 JavaThread "pool-9-thread-1" [_thread_blocked, id=11504, stack(0x0000000022d80000,0x0000000022e80000)]
  0x0000000023b99000 JavaThread "Build operations Thread 8" [_thread_blocked, id=20492, stack(0x0000000022c80000,0x0000000022d80000)]
  0x0000000023b96000 JavaThread "Build operations Thread 7" [_thread_blocked, id=15700, stack(0x0000000022b80000,0x0000000022c80000)]
  0x0000000023b8d800 JavaThread "Build operations Thread 6" [_thread_blocked, id=17524, stack(0x0000000021890000,0x0000000021990000)]
  0x0000000023b94800 JavaThread "Build operations Thread 5" [_thread_blocked, id=10436, stack(0x0000000021790000,0x0000000021890000)]
  0x0000000023b93800 JavaThread "Build operations Thread 4" [_thread_blocked, id=11964, stack(0x0000000021690000,0x0000000021790000)]
  0x0000000023b93000 JavaThread "Build operations Thread 3" [_thread_blocked, id=19184, stack(0x0000000021590000,0x0000000021690000)]
  0x0000000023b92000 JavaThread "Build operations Thread 2" [_thread_blocked, id=23740, stack(0x0000000021260000,0x0000000021360000)]
  0x0000000023b90800 JavaThread "Build operations" [_thread_blocked, id=22100, stack(0x000000001f890000,0x000000001f990000)]
  0x0000000023b91800 JavaThread "Cache worker for cache directory md-rule (C:\Users\NiteshGupta\.gradle\caches\6.1.1\md-rule)" [_thread_blocked, id=15328, stack(0x000000001e100000,0x000000001e200000)]
  0x000000001da21000 JavaThread "Cache worker for cache directory md-supplier (C:\Users\NiteshGupta\.gradle\caches\6.1.1\md-supplier)" [_thread_blocked, id=23608, stack(0x000000001e000000,0x000000001e100000)]
  0x000000001da20000 JavaThread "Cache worker for file hash cache (C:\Workspace\ChatApplication\.gradle\6.1.1\fileHashes)" [_thread_blocked, id=14760, stack(0x000000001df00000,0x000000001e000000)]
  0x000000001da1e800 JavaThread "Cache worker for checksums cache (C:\Workspace\ChatApplication\.gradle\checksums)" [_thread_blocked, id=1480, stack(0x000000001c930000,0x000000001ca30000)]
  0x000000001da1b800 JavaThread "Thread-179" [_thread_blocked, id=22704, stack(0x000000001c630000,0x000000001c730000)]
  0x000000001da1e000 JavaThread "Stdin handler" [_thread_blocked, id=23664, stack(0x000000001c530000,0x000000001c630000)]
  0x000000001da1c800 JavaThread "Asynchronous log dispatcher for DefaultDaemonConnection: socket connection from /127.0.0.1:49845 to /127.0.0.1:52633" [_thread_blocked, id=7180, stack(0x000000001c230000,0x000000001c330000)]
  0x000000001da1b000 JavaThread "Daemon worker Thread 3" [_thread_in_native, id=4496, stack(0x000000001c130000,0x000000001c230000)]
  0x000000001da13800 JavaThread "Cancel handler" [_thread_blocked, id=6900, stack(0x0000000000950000,0x0000000000a50000)]
  0x000000001da1a000 JavaThread "Handler for socket connection from /127.0.0.1:49845 to /127.0.0.1:52633" [_thread_in_native, id=15724, stack(0x0000000000810000,0x0000000000910000)]
  0x000000001da15800 JavaThread "Daemon Thread 3" [_thread_blocked, id=11032, stack(0x0000000000710000,0x0000000000810000)]
  0x000000002066f000 JavaThread "Cache worker for Java compile cache (C:\Users\NiteshGupta\.gradle\caches\6.1.1\javaCompile)" [_thread_blocked, id=19820, stack(0x000000002aea0000,0x000000002afa0000)]
  0x000000001b025000 JavaThread "RMI TCP Accept-0" daemon [_thread_in_native, id=5280, stack(0x000000002a2a0000,0x000000002a3a0000)]
  0x000000001b022000 JavaThread "RMI Scheduler(0)" daemon [_thread_blocked, id=17000, stack(0x0000000028730000,0x0000000028830000)]
  0x000000001b64e800 JavaThread "Cache worker for file content cache (C:\Users\NiteshGupta\.gradle\caches\6.1.1\fileContent)" [_thread_blocked, id=25028, stack(0x0000000025410000,0x0000000025510000)]
  0x000000001b646000 JavaThread "Memory manager" [_thread_blocked, id=12944, stack(0x00000000248e0000,0x00000000249e0000)]
  0x000000001b025800 JavaThread "Cache worker for execution history cache (C:\Users\NiteshGupta\.gradle\caches\6.1.1\executionHistory)" [_thread_blocked, id=12420, stack(0x000000001f990000,0x000000001fa90000)]
  0x000000001b023800 JavaThread "Cache worker for file hash cache (C:\Users\NiteshGupta\.gradle\caches\6.1.1\fileHashes)" [_thread_blocked, id=25168, stack(0x000000001ce30000,0x000000001cf30000)]
  0x000000001b022800 JavaThread "File lock request listener" [_thread_in_native, id=21744, stack(0x000000001cd30000,0x000000001ce30000)]
  0x000000001afc1000 JavaThread "Cache worker for journal cache (C:\Users\NiteshGupta\.gradle\caches\journal-1)" [_thread_blocked, id=3848, stack(0x000000001cc30000,0x000000001cd30000)]
  0x000000001ae3f800 JavaThread "Daemon periodic checks" [_thread_blocked, id=15972, stack(0x000000001c030000,0x000000001c130000)]
  0x000000001aed6000 JavaThread "Incoming local TCP Connector on port 49845" [_thread_in_native, id=9108, stack(0x000000001bdf0000,0x000000001bef0000)]
  0x00000000190f6000 JavaThread "Daemon health stats" [_thread_blocked, id=16392, stack(0x000000001a7b0000,0x000000001a8b0000)]
  0x00000000181aa000 JavaThread "Service Thread" daemon [_thread_blocked, id=23180, stack(0x0000000018de0000,0x0000000018ee0000)]
  0x000000001813f000 JavaThread "C1 CompilerThread3" daemon [_thread_blocked, id=996, stack(0x0000000018ce0000,0x0000000018de0000)]
  0x0000000018121000 JavaThread "C2 CompilerThread2" daemon [_thread_in_native, id=14348, stack(0x0000000018be0000,0x0000000018ce0000)]
=>0x0000000018119000 JavaThread "C2 CompilerThread1" daemon [_thread_in_native, id=9280, stack(0x0000000018ae0000,0x0000000018be0000)]
  0x0000000018112800 JavaThread "C2 CompilerThread0" daemon [_thread_in_native, id=4276, stack(0x00000000189e0000,0x0000000018ae0000)]
  0x0000000018111800 JavaThread "Attach Listener" daemon [_thread_blocked, id=24436, stack(0x00000000188e0000,0x00000000189e0000)]
  0x0000000018110000 JavaThread "Signal Dispatcher" daemon [_thread_blocked, id=784, stack(0x00000000187e0000,0x00000000188e0000)]
  0x000000000255e000 JavaThread "Finalizer" daemon [_thread_blocked, id=22088, stack(0x00000000185e0000,0x00000000186e0000)]
  0x0000000002557000 JavaThread "Reference Handler" daemon [_thread_blocked, id=18608, stack(0x00000000184e0000,0x00000000185e0000)]
  0x000000000245e800 JavaThread "main" [_thread_blocked, id=3400, stack(0x0000000002310000,0x0000000002410000)]

Other Threads:
  0x0000000016316800 VMThread [stack: 0x0000000017fe0000,0x00000000180e0000] [id=1548]
  0x00000000181aa800 WatcherThread [stack: 0x0000000018ee0000,0x0000000018fe0000] [id=2336]

VM state:not at safepoint (normal execution)

VM Mutex/Monitor currently owned by a thread: None

heap address: 0x00000000a0000000, size: 1536 MB, Compressed Oops mode: 32-bit
Narrow klass base: 0x0000000000000000, Narrow klass shift: 3
Compressed class space size: 1073741824 Address: 0x0000000100000000

Heap:
 PSYoungGen      total 243200K, used 152891K [0x00000000e0000000, 0x00000000f2c00000, 0x0000000100000000)
  eden space 183808K, 73% used [0x00000000e0000000,0x00000000e83a4a28,0x00000000eb380000)
  from space 59392K, 30% used [0x00000000eec80000,0x00000000efe2a3a0,0x00000000f2680000)
  to   space 58368K, 0% used [0x00000000eb380000,0x00000000eb380000,0x00000000eec80000)
 ParOldGen       total 206848K, used 55693K [0x00000000a0000000, 0x00000000aca00000, 0x00000000e0000000)
  object space 206848K, 26% used [0x00000000a0000000,0x00000000a3663770,0x00000000aca00000)
 Metaspace       used 118614K, capacity 123914K, committed 128408K, reserved 1161216K
  class space    used 15091K, capacity 16079K, committed 16808K, reserved 1048576K

Card table byte_map: [0x0000000011920000,0x0000000011c30000] byte_map_base: 0x0000000011420000

Marking Bits: (ParMarkBitMap*) 0x00000000772bf030
 Begin Bits: [0x0000000012630000, 0x0000000013e30000)
 End Bits:   [0x0000000013e30000, 0x0000000015630000)

Polling page: 0x0000000000600000

CodeCache: size=245760Kb used=63724Kb max_used=63862Kb free=182035Kb
 bounds [0x0000000002560000, 0x0000000006410000, 0x0000000011560000]
 total_blobs=19088 nmethods=18118 adapters=882
 compilation: enabled

Compilation events (10 events):
Event: 3928.589 Thread 0x000000001813f000 23070       3       org.gradle.internal.resources.ExclusiveAccessResourceLock::acquireLock (8 bytes)
Event: 3928.590 Thread 0x000000001813f000 nmethod 23070 0x000000000297f490 code [0x000000000297f600, 0x000000000297f908]
Event: 3928.596 Thread 0x000000001813f000 23071       1       org.gradle.internal.execution.steps.ResolveCachingStateStep$2::getCachingState (5 bytes)
Event: 3928.597 Thread 0x000000001813f000 nmethod 23071 0x0000000003cbdd90 code [0x0000000003cbdee0, 0x0000000003cbdff0]
Event: 3928.660 Thread 0x0000000018112800 nmethod 23057 0x000000000310fc50 code [0x000000000310ffe0, 0x0000000003113228]
Event: 3928.662 Thread 0x0000000018112800 23061       4       com.google.common.collect.AbstractSequentialIterator::hasNext (13 bytes)
Event: 3928.663 Thread 0x0000000018112800 nmethod 23061 0x0000000002cc85d0 code [0x0000000002cc8700, 0x0000000002cc8778]
Event: 3928.666 Thread 0x0000000018112800 23068       4       com.google.protobuf.GeneratedMessageV3$Builder::onChanged (29 bytes)
Event: 3928.667 Thread 0x0000000018112800 nmethod 23068 0x00000000034281d0 code [0x0000000003428320, 0x00000000034283e8]
Event: 3928.669 Thread 0x0000000018112800 23056       4       org.gradle.api.internal.artifacts.transform.DefaultTransformerInvocationFactory$2$$Lambda$467/1922504187::get (48 bytes)

GC Heap History (10 events):
Event: 2211.089 GC heap before
{Heap before GC invocations=31 (full 4):
 PSYoungGen      total 246784K, used 241952K [0x00000000e0000000, 0x00000000f4380000, 0x0000000100000000)
  eden space 194048K, 100% used [0x00000000e0000000,0x00000000ebd80000,0x00000000ebd80000)
  from space 52736K, 90% used [0x00000000ef700000,0x00000000f25c8128,0x00000000f2a80000)
  to   space 58880K, 0% used [0x00000000ebd80000,0x00000000ebd80000,0x00000000ef700000)
 ParOldGen       total 206848K, used 76013K [0x00000000a0000000, 0x00000000aca00000, 0x00000000e0000000)
  object space 206848K, 36% used [0x00000000a0000000,0x00000000a4a3b5e0,0x00000000aca00000)
 Metaspace       used 120924K, capacity 126958K, committed 127256K, reserved 1159168K
  class space    used 15452K, capacity 16597K, committed 16680K, reserved 1048576K
Event: 2211.183 GC heap after
Heap after GC invocations=31 (full 4):
 PSYoungGen      total 229376K, used 40515K [0x00000000e0000000, 0x00000000f2f00000, 0x0000000100000000)
  eden space 188416K, 0% used [0x00000000e0000000,0x00000000e0000000,0x00000000eb800000)
  from space 40960K, 98% used [0x00000000ebd80000,0x00000000ee510e48,0x00000000ee580000)
  to   space 60928K, 0% used [0x00000000ef380000,0x00000000ef380000,0x00000000f2f00000)
 ParOldGen       total 206848K, used 76029K [0x00000000a0000000, 0x00000000aca00000, 0x00000000e0000000)
  object space 206848K, 36% used [0x00000000a0000000,0x00000000a4a3f5e0,0x00000000aca00000)
 Metaspace       used 120924K, capacity 126958K, committed 127256K, reserved 1159168K
  class space    used 15452K, capacity 16597K, committed 16680K, reserved 1048576K
}
Event: 2235.239 GC heap before
{Heap before GC invocations=32 (full 4):
 PSYoungGen      total 229376K, used 228931K [0x00000000e0000000, 0x00000000f2f00000, 0x0000000100000000)
  eden space 188416K, 100% used [0x00000000e0000000,0x00000000eb800000,0x00000000eb800000)
  from space 40960K, 98% used [0x00000000ebd80000,0x00000000ee510e48,0x00000000ee580000)
  to   space 60928K, 0% used [0x00000000ef380000,0x00000000ef380000,0x00000000f2f00000)
 ParOldGen       total 206848K, used 76029K [0x00000000a0000000, 0x00000000aca00000, 0x00000000e0000000)
  object space 206848K, 36% used [0x00000000a0000000,0x00000000a4a3f5e0,0x00000000aca00000)
 Metaspace       used 121610K, capacity 127984K, committed 128152K, reserved 1161216K
  class space    used 15525K, capacity 16730K, committed 16808K, reserved 1048576K
Event: 2235.350 GC heap after
Heap after GC invocations=32 (full 4):
 PSYoungGen      total 240128K, used 39745K [0x00000000e0000000, 0x00000000f2b80000, 0x0000000100000000)
  eden space 182784K, 0% used [0x00000000e0000000,0x00000000e0000000,0x00000000eb280000)
  from space 57344K, 69% used [0x00000000ef380000,0x00000000f1a50468,0x00000000f2b80000)
  to   space 61952K, 0% used [0x00000000eb280000,0x00000000eb280000,0x00000000eef00000)
 ParOldGen       total 206848K, used 76037K [0x00000000a0000000, 0x00000000aca00000, 0x00000000e0000000)
  object space 206848K, 36% used [0x00000000a0000000,0x00000000a4a415e0,0x00000000aca00000)
 Metaspace       used 121610K, capacity 127984K, committed 128152K, reserved 1161216K
  class space    used 15525K, capacity 16730K, committed 16808K, reserved 1048576K
}
Event: 3685.110 GC heap before
{Heap before GC invocations=33 (full 4):
 PSYoungGen      total 240128K, used 202271K [0x00000000e0000000, 0x00000000f2b80000, 0x0000000100000000)
  eden space 182784K, 88% used [0x00000000e0000000,0x00000000e9eb7b10,0x00000000eb280000)
  from space 57344K, 69% used [0x00000000ef380000,0x00000000f1a50468,0x00000000f2b80000)
  to   space 61952K, 0% used [0x00000000eb280000,0x00000000eb280000,0x00000000eef00000)
 ParOldGen       total 206848K, used 76037K [0x00000000a0000000, 0x00000000aca00000, 0x00000000e0000000)
  object space 206848K, 36% used [0x00000000a0000000,0x00000000a4a415e0,0x00000000aca00000)
 Metaspace       used 121750K, capacity 128284K, committed 128408K, reserved 1161216K
  class space    used 15535K, capacity 16748K, committed 16808K, reserved 1048576K
Event: 3685.459 GC heap after
Heap after GC invocations=33 (full 4):
 PSYoungGen      total 214016K, used 30731K [0x00000000e0000000, 0x00000000f2680000, 0x0000000100000000)
  eden space 182784K, 0% used [0x00000000e0000000,0x00000000e0000000,0x00000000eb280000)
  from space 31232K, 98% used [0x00000000eb280000,0x00000000ed082ff0,0x00000000ed100000)
  to   space 59392K, 0% used [0x00000000eec80000,0x00000000eec80000,0x00000000f2680000)
 ParOldGen       total 206848K, used 76045K [0x00000000a0000000, 0x00000000aca00000, 0x00000000e0000000)
  object space 206848K, 36% used [0x00000000a0000000,0x00000000a4a435e0,0x00000000aca00000)
 Metaspace       used 121750K, capacity 128284K, committed 128408K, reserved 1161216K
  class space    used 15535K, capacity 16748K, committed 16808K, reserved 1048576K
}
Event: 3685.459 GC heap before
{Heap before GC invocations=34 (full 5):
 PSYoungGen      total 214016K, used 30731K [0x00000000e0000000, 0x00000000f2680000, 0x0000000100000000)
  eden space 182784K, 0% used [0x00000000e0000000,0x00000000e0000000,0x00000000eb280000)
  from space 31232K, 98% used [0x00000000eb280000,0x00000000ed082ff0,0x00000000ed100000)
  to   space 59392K, 0% used [0x00000000eec80000,0x00000000eec80000,0x00000000f2680000)
 ParOldGen       total 206848K, used 76045K [0x00000000a0000000, 0x00000000aca00000, 0x00000000e0000000)
  object space 206848K, 36% used [0x00000000a0000000,0x00000000a4a435e0,0x00000000aca00000)
 Metaspace       used 121750K, capacity 128284K, committed 128408K, reserved 1161216K
  class space    used 15535K, capacity 16748K, committed 16808K, reserved 1048576K
Event: 3688.113 GC heap after
Heap after GC invocations=34 (full 5):
 PSYoungGen      total 214016K, used 0K [0x00000000e0000000, 0x00000000f2680000, 0x0000000100000000)
  eden space 182784K, 0% used [0x00000000e0000000,0x00000000e0000000,0x00000000eb280000)
  from space 31232K, 0% used [0x00000000eb280000,0x00000000eb280000,0x00000000ed100000)
  to   space 59392K, 0% used [0x00000000eec80000,0x00000000eec80000,0x00000000f2680000)
 ParOldGen       total 206848K, used 55685K [0x00000000a0000000, 0x00000000aca00000, 0x00000000e0000000)
  object space 206848K, 26% used [0x00000000a0000000,0x00000000a3661770,0x00000000aca00000)
 Metaspace       used 113794K, capacity 118766K, committed 128408K, reserved 1161216K
  class space    used 14467K, capacity 15396K, committed 16808K, reserved 1048576K
}
Event: 3926.107 GC heap before
{Heap before GC invocations=35 (full 5):
 PSYoungGen      total 214016K, used 182784K [0x00000000e0000000, 0x00000000f2680000, 0x0000000100000000)
  eden space 182784K, 100% used [0x00000000e0000000,0x00000000eb280000,0x00000000eb280000)
  from space 31232K, 0% used [0x00000000eb280000,0x00000000eb280000,0x00000000ed100000)
  to   space 59392K, 0% used [0x00000000eec80000,0x00000000eec80000,0x00000000f2680000)
 ParOldGen       total 206848K, used 55685K [0x00000000a0000000, 0x00000000aca00000, 0x00000000e0000000)
  object space 206848K, 26% used [0x00000000a0000000,0x00000000a3661770,0x00000000aca00000)
 Metaspace       used 117529K, capacity 122696K, committed 128408K, reserved 1161216K
  class space    used 14960K, capacity 15924K, committed 16808K, reserved 1048576K
Event: 3926.231 GC heap after
Heap after GC invocations=35 (full 5):
 PSYoungGen      total 243200K, used 18088K [0x00000000e0000000, 0x00000000f2c00000, 0x0000000100000000)
  eden space 183808K, 0% used [0x00000000e0000000,0x00000000e0000000,0x00000000eb380000)
  from space 59392K, 30% used [0x00000000eec80000,0x00000000efe2a3a0,0x00000000f2680000)
  to   space 58368K, 0% used [0x00000000eb380000,0x00000000eb380000,0x00000000eec80000)
 ParOldGen       total 206848K, used 55693K [0x00000000a0000000, 0x00000000aca00000, 0x00000000e0000000)
  object space 206848K, 26% used [0x00000000a0000000,0x00000000a3663770,0x00000000aca00000)
 Metaspace       used 117529K, capacity 122696K, committed 128408K, reserved 1161216K
  class space    used 14960K, capacity 15924K, committed 16808K, reserved 1048576K
}

Deoptimization events (10 events):
Event: 3928.287 Thread 0x0000000020671000 Uncommon trap: reason=class_check action=maybe_recompile pc=0x0000000006330ae0 method=com.sun.org.apache.xerces.internal.dom.NodeImpl.getOwnerDocument()Lorg/w3c/dom/Document; @ 19
Event: 3928.287 Thread 0x0000000020671000 Uncommon trap: reason=bimorphic action=maybe_recompile pc=0x0000000006326e50 method=com.sun.org.apache.xerces.internal.dom.NamedNodeMapImpl.findNamePoint(Ljava/lang/String;I)I @ 57
Event: 3928.287 Thread 0x0000000020671000 Uncommon trap: reason=bimorphic action=maybe_recompile pc=0x0000000006326e50 method=com.sun.org.apache.xerces.internal.dom.NamedNodeMapImpl.findNamePoint(Ljava/lang/String;I)I @ 57
Event: 3928.287 Thread 0x0000000020671000 Uncommon trap: reason=bimorphic action=maybe_recompile pc=0x0000000006326e50 method=com.sun.org.apache.xerces.internal.dom.NamedNodeMapImpl.findNamePoint(Ljava/lang/String;I)I @ 57
Event: 3928.300 Thread 0x0000000020671000 Uncommon trap: reason=unstable_if action=reinterpret pc=0x00000000062ea694 method=com.sun.org.apache.xerces.internal.dom.DeferredDocumentImpl.getTypeInfo(I)Ljava/lang/Object; @ 24
Event: 3928.421 Thread 0x0000000020671000 Uncommon trap: reason=bimorphic action=maybe_recompile pc=0x000000000638e4c8 method=java.io.Writer.append(Ljava/lang/CharSequence;)Ljava/io/Writer; @ 20
Event: 3928.422 Thread 0x0000000020671000 Uncommon trap: reason=unstable_if action=reinterpret pc=0x00000000059fef70 method=sun.nio.cs.UTF_8$Encoder.encodeArrayLoop(Ljava/nio/CharBuffer;Ljava/nio/ByteBuffer;)Ljava/nio/charset/CoderResult; @ 87
Event: 3928.431 Thread 0x0000000020671000 Uncommon trap: reason=unstable_if action=reinterpret pc=0x0000000002bc8770 method=java.lang.Character.isSurrogate(C)Z @ 3
Event: 3928.474 Thread 0x0000000020673800 Uncommon trap: reason=unstable_if action=reinterpret pc=0x0000000004695c68 method=java.lang.ref.SoftReference.get()Ljava/lang/Object; @ 6
Event: 3928.474 Thread 0x0000000020673800 Uncommon trap: reason=unstable_if action=reinterpret pc=0x0000000005668f7c method=java.lang.ref.SoftReference.get()Ljava/lang/Object; @ 6

Classes redefined (0 events):
No events

Internal exceptions (10 events):
Event: 3922.676 Thread 0x000000001da1b000 Implicit null exception at 0x0000000005477555 to 0x000000000547d4ed
Event: 3925.073 Thread 0x000000001da1b000 Implicit null exception at 0x000000000267c8d8 to 0x000000000267ca0d
Event: 3925.312 Thread 0x000000001da1b000 Implicit null exception at 0x0000000005c53ed9 to 0x0000000005c54739
Event: 3927.716 Thread 0x0000000020671000 Implicit null exception at 0x000000000334ff1e to 0x00000000033500a1
Event: 3927.859 Thread 0x0000000020671000 Implicit null exception at 0x00000000062e993f to 0x00000000062e9b5d
Event: 3928.300 Thread 0x0000000020671000 Implicit null exception at 0x00000000062ea5f5 to 0x00000000062ea679
Event: 3928.452 Thread 0x0000000020671000 Exception <a 'java/lang/NoSuchMethodError': <clinit>> (0x00000000e6ca9c88) thrown at [C:\src\AOSP-openjdk-git\hotspot\src\share\vm\prims\jni.cpp, line 1615]
Event: 3928.453 Thread 0x0000000020671000 Exception <a 'java/lang/NoSuchMethodError': <clinit>> (0x00000000e6cba590) thrown at [C:\src\AOSP-openjdk-git\hotspot\src\share\vm\prims\jni.cpp, line 1615]
Event: 3928.454 Thread 0x0000000020671000 Exception <a 'java/lang/NoSuchMethodError': <clinit>> (0x00000000e6cca968) thrown at [C:\src\AOSP-openjdk-git\hotspot\src\share\vm\prims\jni.cpp, line 1615]
Event: 3928.456 Thread 0x0000000020671000 Exception <a 'java/lang/NoSuchMethodError': <clinit>> (0x00000000e6cde1c0) thrown at [C:\src\AOSP-openjdk-git\hotspot\src\share\vm\prims\jni.cpp, line 1615]

Events (10 events):
Event: 3928.580 Thread 0x000000001813f000 flushing nmethod 0x00000000030944d0
Event: 3928.580 Thread 0x000000001813f000 flushing nmethod 0x00000000030e4310
Event: 3928.580 Thread 0x000000001813f000 flushing nmethod 0x0000000003109dd0
Event: 3928.581 Thread 0x000000001813f000 flushing nmethod 0x00000000031b17d0
Event: 3928.582 Thread 0x000000001813f000 flushing nmethod 0x00000000034280d0
Event: 3928.587 Thread 0x000000001813f000 flushing nmethod 0x0000000003b37850
Event: 3928.591 Thread 0x000000001813f000 flushing nmethod 0x0000000003cbdd90
Event: 3928.597 Thread 0x000000001813f000 flushing nmethod 0x0000000004038e50
Event: 3928.664 Thread 0x0000000018112800 flushing nmethod 0x000000000473f150
Event: 3928.664 Thread 0x0000000018112800 flushing nmethod 0x0000000004817e90


Dynamic libraries:
0x00007ff672bc0000 - 0x00007ff672bf1000 	C:\Program Files\Android\Android Studio1\jre\bin\java.exe
0x00007ffed6aa0000 - 0x00007ffed6c90000 	C:\WINDOWS\SYSTEM32\ntdll.dll
0x00007ffed51c0000 - 0x00007ffed5272000 	C:\WINDOWS\System32\KERNEL32.DLL
0x00007ffed4810000 - 0x00007ffed4ab4000 	C:\WINDOWS\System32\KERNELBASE.dll
0x00007ffed5c50000 - 0x00007ffed5cf3000 	C:\WINDOWS\System32\ADVAPI32.dll
0x00007ffed4bb0000 - 0x00007ffed4c4e000 	C:\WINDOWS\System32\msvcrt.dll
0x00007ffed6730000 - 0x00007ffed67c7000 	C:\WINDOWS\System32\sechost.dll
0x00007ffed5500000 - 0x00007ffed5620000 	C:\WINDOWS\System32\RPCRT4.dll
0x00007ffed6570000 - 0x00007ffed6704000 	C:\WINDOWS\System32\USER32.dll
0x00007ffed4b20000 - 0x00007ffed4b41000 	C:\WINDOWS\System32\win32u.dll
0x00007ffed5280000 - 0x00007ffed52a6000 	C:\WINDOWS\System32\GDI32.dll
0x00007ffed45d0000 - 0x00007ffed4765000 	C:\WINDOWS\System32\gdi32full.dll
0x00007ffed4770000 - 0x00007ffed480e000 	C:\WINDOWS\System32\msvcp_win.dll
0x00007ffed43d0000 - 0x00007ffed44ca000 	C:\WINDOWS\System32\ucrtbase.dll
0x00007ffebb220000 - 0x00007ffebb4a4000 	C:\WINDOWS\WinSxS\amd64_microsoft.windows.common-controls_6595b64144ccf1df_6.0.18362.900_none_e6beb9d913147d17\COMCTL32.dll
0x00007ffed4e80000 - 0x00007ffed51b5000 	C:\WINDOWS\System32\combase.dll
0x00007ffed4350000 - 0x00007ffed43d0000 	C:\WINDOWS\System32\bcryptPrimitives.dll
0x00007ffed5c20000 - 0x00007ffed5c4e000 	C:\WINDOWS\System32\IMM32.DLL
0x0000000077e40000 - 0x0000000077f12000 	C:\Program Files\Android\Android Studio1\jre\jre\bin\msvcr100.dll
0x0000000076af0000 - 0x000000007733b000 	C:\Program Files\Android\Android Studio1\jre\jre\bin\server\jvm.dll
0x00007ffed52b0000 - 0x00007ffed52b8000 	C:\WINDOWS\System32\PSAPI.DLL
0x00007ffed0440000 - 0x00007ffed0464000 	C:\WINDOWS\SYSTEM32\WINMM.dll
0x00007ffeb8130000 - 0x00007ffeb8139000 	C:\WINDOWS\SYSTEM32\WSOCK32.dll
0x00007ffecc080000 - 0x00007ffecc08a000 	C:\WINDOWS\SYSTEM32\VERSION.dll
0x00007ffed5a90000 - 0x00007ffed5aff000 	C:\WINDOWS\System32\WS2_32.dll
0x00007ffed0310000 - 0x00007ffed033d000 	C:\WINDOWS\SYSTEM32\WINMMBASE.dll
0x00007ffed4300000 - 0x00007ffed434a000 	C:\WINDOWS\System32\cfgmgr32.dll
0x00007ffed2280000 - 0x00007ffed228f000 	C:\Program Files\Android\Android Studio1\jre\jre\bin\verify.dll
0x00007ffed1ed0000 - 0x00007ffed1ef9000 	C:\Program Files\Android\Android Studio1\jre\jre\bin\java.dll
0x00007ffed1eb0000 - 0x00007ffed1ec6000 	C:\Program Files\Android\Android Studio1\jre\jre\bin\zip.dll
0x00007ffed5d00000 - 0x00007ffed63e6000 	C:\WINDOWS\System32\SHELL32.dll
0x00007ffed5b00000 - 0x00007ffed5ba9000 	C:\WINDOWS\System32\shcore.dll
0x00007ffed3b80000 - 0x00007ffed4300000 	C:\WINDOWS\System32\windows.storage.dll
0x00007ffed3a00000 - 0x00007ffed3a23000 	C:\WINDOWS\System32\profapi.dll
0x00007ffed3970000 - 0x00007ffed39ba000 	C:\WINDOWS\System32\powrprof.dll
0x00007ffed3960000 - 0x00007ffed3970000 	C:\WINDOWS\System32\UMPDC.dll
0x00007ffed4b50000 - 0x00007ffed4ba2000 	C:\WINDOWS\System32\shlwapi.dll
0x00007ffed39c0000 - 0x00007ffed39d1000 	C:\WINDOWS\System32\kernel.appcore.dll
0x00007ffed44d0000 - 0x00007ffed44e7000 	C:\WINDOWS\System32\cryptsp.dll
0x00007ffed1dd0000 - 0x00007ffed1dea000 	C:\Program Files\Android\Android Studio1\jre\jre\bin\net.dll
0x00007ffed31d0000 - 0x00007ffed3237000 	C:\WINDOWS\system32\mswsock.dll
0x00007ffed1db0000 - 0x00007ffed1dc3000 	C:\Program Files\Android\Android Studio1\jre\jre\bin\nio.dll
0x00007ffed1e80000 - 0x00007ffed1ea6000 	C:\Users\NiteshGupta\.gradle\native\31\windows-amd64\native-platform.dll
0x00007ffed2270000 - 0x00007ffed227d000 	C:\Program Files\Android\Android Studio1\jre\jre\bin\management.dll
0x00007ffed2ad0000 - 0x00007ffed2b03000 	C:\WINDOWS\system32\rsaenh.dll
0x00007ffed44f0000 - 0x00007ffed4516000 	C:\WINDOWS\System32\bcrypt.dll
0x00007ffed3850000 - 0x00007ffed3875000 	C:\WINDOWS\SYSTEM32\USERENV.dll
0x00007ffed33a0000 - 0x00007ffed33ac000 	C:\WINDOWS\SYSTEM32\CRYPTBASE.dll
0x00007ffed2ee0000 - 0x00007ffed2f1a000 	C:\WINDOWS\SYSTEM32\IPHLPAPI.DLL
0x00007ffed5bb0000 - 0x00007ffed5bb8000 	C:\WINDOWS\System32\NSI.dll
0x00007ffecc180000 - 0x00007ffecc196000 	C:\WINDOWS\SYSTEM32\dhcpcsvc6.DLL
0x00007ffecc160000 - 0x00007ffecc17c000 	C:\WINDOWS\SYSTEM32\dhcpcsvc.DLL
0x00007ffed2f20000 - 0x00007ffed2feb000 	C:\WINDOWS\SYSTEM32\DNSAPI.dll
0x00007ffed1df0000 - 0x00007ffed1e0e000 	C:\Users\NiteshGupta\AppData\Local\Temp\native-platform6790281069744234740dir\native-platform.dll
0x00007ffed1d80000 - 0x00007ffed1da4000 	C:\Program Files\Android\Android Studio1\jre\jre\bin\sunec.dll
0x0000000050030000 - 0x0000000050056000 	C:\Program Files\Bonjour\mdnsNSP.dll
0x00007ffec82b0000 - 0x00007ffec82ba000 	C:\Windows\System32\rasadhlp.dll
0x00007ffeca8b0000 - 0x00007ffeca927000 	C:\WINDOWS\System32\fwpuclnt.dll
0x00007ffed1d00000 - 0x00007ffed1d0b000 	C:\Program Files\Android\Android Studio1\jre\jre\bin\sunmscapi.dll
0x00007ffed3a30000 - 0x00007ffed3b79000 	C:\WINDOWS\System32\CRYPT32.dll
0x00007ffed39e0000 - 0x00007ffed39f2000 	C:\WINDOWS\System32\MSASN1.dll

VM Arguments:
jvm_args: -Xmx1536m -Dfile.encoding=windows-1252 -Duser.country=IN -Duser.language=en -Duser.variant 
java_command: org.gradle.launcher.daemon.bootstrap.GradleDaemon 6.1.1
java_class_path (initial): C:\Users\NiteshGupta\.gradle\wrapper\dists\gradle-6.1.1-all\cfmwm155h49vnt3hynmlrsdst\gradle-6.1.1\lib\gradle-launcher-6.1.1.jar
Launcher Type: SUN_STANDARD

Environment Variables:
JAVA_HOME=C:\Program Files\Java\jdk1.8.0_231
PATH=C:\Program Files (x86)\Common Files\Oracle\Java\javapath;C:\ProgramData\Oracle\Java\javapath;C:\WINDOWS\system32;C:\WINDOWS;C:\WINDOWS\System32\Wbem;C:\WINDOWS\System32\WindowsPowerShell\v1.0\;C:\WINDOWS\System32\OpenSSH\;C:\Program Files\nodejs\;C:\Program Files\Intel\WiFi\bin\;C:\Program Files\Common Files\Intel\WirelessCommon\;C:\Program Files (x86)\Webex\Webex\Applications;C:\Users\NiteshGupta\AppData\Local\Android\Sdk\emulator;C:\Program Files\Git\cmd;C:\Program Files\Java\jdk1.8.0_231\bin;C:\Program Files\IBM\Cloud\bin;C:\Program Files\helm\windows-amd64;C:\Users\NiteshGupta\AppData\Local\Microsoft\WindowsApps;C:\Users\NiteshGupta\AppData\Roaming\npm;C:\Users\NiteshGupta\AppData\Local\Programs\Microsoft VS Code\bin;C:\Program Files\nodejs;C:\Program Files\MongoDB\Server\4.0\bin;C:\Users\NiteshGupta\AppData\Local\Android\Sdk\platform-tools;C:\Users\NiteshGupta\AppData\Local\Android\Sdk\tools;C:\Users\NiteshGupta\AppData\Local\Android\Sdk\emulator;C:\Users\NiteshGupta\AppData\Local\Box\Box Edit\
USERNAME=NiteshGupta
OS=Windows_NT
PROCESSOR_IDENTIFIER=Intel64 Family 6 Model 142 Stepping 10, GenuineIntel



---------------  S Y S T E M  ---------------

OS: Windows 10.0 , 64 bit Build 18362 (10.0.18362.900)

CPU:total 8 (initial active 8) (4 cores per cpu, 2 threads per core) family 6 model 142 stepping 10, cmov, cx8, fxsr, mmx, sse, sse2, sse3, ssse3, sse4.1, sse4.2, popcnt, avx, avx2, aes, clmul, erms, rtm, 3dnowpref, lzcnt, ht, tsc, tscinvbit, bmi1, bmi2, adx

Memory: 4k page, physical 8223704k(486872k free), swap 33389528k(4160k free)

vm_info: OpenJDK 64-Bit Server VM (25.242-b01) for windows-amd64 JRE (1.8.0_242-release-1644-b01), built by "builder" with MS VC++ 10.0 (VS2010)

time: Sat Jul 11 13:04:31 2020
timezone: India Standard Time
elapsed time: 3928 seconds (0d 1h 5m 28s)

